{"numFailedTestSuites":2,"numFailedTests":2,"numPassedTestSuites":4,"numPassedTests":63,"numPendingTestSuites":0,"numPendingTests":0,"numRuntimeErrorTestSuites":0,"numTodoTests":0,"numTotalTestSuites":6,"numTotalTests":65,"openHandles":[],"snapshot":{"added":0,"didUpdate":false,"failure":false,"filesAdded":0,"filesRemoved":0,"filesRemovedList":[],"filesUnmatched":0,"filesUpdated":0,"matched":0,"total":0,"unchecked":0,"uncheckedKeysByFile":[],"unmatched":0,"updated":0},"startTime":1765992978935,"success":false,"testResults":[{"assertionResults":[{"ancestorTitles":["RLN Deny List and Premium Gas"],"duration":14171,"failureDetails":[],"failureMessages":[],"fullName":"RLN Deny List and Premium Gas [DENY_001] User exceeding quota is added to deny list","invocations":1,"location":null,"numPassingAsserts":1,"retryReasons":[],"status":"passed","title":"[DENY_001] User exceeding quota is added to deny list"},{"ancestorTitles":["RLN Deny List and Premium Gas"],"duration":63100,"failureDetails":[],"failureMessages":[],"fullName":"RLN Deny List and Premium Gas [DENY_002] Denied user cannot send gasless transactions","invocations":1,"location":null,"numPassingAsserts":1,"retryReasons":[],"status":"passed","title":"[DENY_002] Denied user cannot send gasless transactions"},{"ancestorTitles":["RLN Deny List and Premium Gas"],"duration":34483,"failureDetails":[],"failureMessages":[],"fullName":"RLN Deny List and Premium Gas [DENY_003] Premium gas clears deny status (recovery path)","invocations":1,"location":null,"numPassingAsserts":3,"retryReasons":[],"status":"passed","title":"[DENY_003] Premium gas clears deny status (recovery path)"},{"ancestorTitles":["RLN Deny List and Premium Gas"],"duration":33463,"failureDetails":[],"failureMessages":[],"fullName":"RLN Deny List and Premium Gas [DENY_004] Denied user can send premium gas transaction","invocations":1,"location":null,"numPassingAsserts":1,"retryReasons":[],"status":"passed","title":"[DENY_004] Denied user can send premium gas transaction"},{"ancestorTitles":["RLN Deny List and Premium Gas"],"duration":3560,"failureDetails":[{}],"failureMessages":["Error: Expected transaction to fail but it succeeded\n    at RlnTestClient.sendGaslessTransactionExpectFailure (/Users/nadeem/dev/status/testing/status-network-monorepo/e2e/src/rln-gasless/utils/rln-test-client.ts:223:15)\n    at processTicksAndRejections (node:internal/process/task_queues:95:5)\n    at async Object.<anonymous> (/Users/nadeem/dev/status/testing/status-network-monorepo/e2e/src/rln-gasless/deny-list-and-premium-gas.spec.ts:348:7)"],"fullName":"RLN Deny List and Premium Gas [DENY_005] Premium gas payment removes user from deny list","invocations":1,"location":null,"numPassingAsserts":0,"retryReasons":[],"status":"failed","title":"[DENY_005] Premium gas payment removes user from deny list"},{"ancestorTitles":["RLN Deny List and Premium Gas"],"duration":31240,"failureDetails":[],"failureMessages":[],"fullName":"RLN Deny List and Premium Gas [DENY_006] After premium recovery and new epoch, user can send gasless again","invocations":1,"location":null,"numPassingAsserts":1,"retryReasons":[],"status":"passed","title":"[DENY_006] After premium recovery and new epoch, user can send gasless again"},{"ancestorTitles":["RLN Deny List and Premium Gas"],"duration":97302,"failureDetails":[],"failureMessages":[],"fullName":"RLN Deny List and Premium Gas [DENY_007] Multiple users can be on deny list simultaneously","invocations":1,"location":null,"numPassingAsserts":3,"retryReasons":[],"status":"passed","title":"[DENY_007] Multiple users can be on deny list simultaneously"},{"ancestorTitles":["RLN Deny List and Premium Gas"],"duration":33033,"failureDetails":[],"failureMessages":[],"fullName":"RLN Deny List and Premium Gas [DENY_008] Deny list state is consistent across checks","invocations":1,"location":null,"numPassingAsserts":1,"retryReasons":[],"status":"passed","title":"[DENY_008] Deny list state is consistent across checks"},{"ancestorTitles":["RLN Deny List and Premium Gas"],"duration":40251,"failureDetails":[],"failureMessages":[],"fullName":"RLN Deny List and Premium Gas [DENY_009] Concurrent deny list additions are safe","invocations":1,"location":null,"numPassingAsserts":3,"retryReasons":[],"status":"passed","title":"[DENY_009] Concurrent deny list additions are safe"},{"ancestorTitles":["RLN Deny List and Premium Gas"],"duration":713,"failureDetails":[],"failureMessages":[],"fullName":"RLN Deny List and Premium Gas [PREM_001] Transaction with gasPrice >= 10 Gwei bypasses RLN","invocations":1,"location":null,"numPassingAsserts":1,"retryReasons":[],"status":"passed","title":"[PREM_001] Transaction with gasPrice >= 10 Gwei bypasses RLN"},{"ancestorTitles":["RLN Deny List and Premium Gas"],"duration":3181,"failureDetails":[],"failureMessages":[],"fullName":"RLN Deny List and Premium Gas [PREM_002] Transaction with gasPrice < 10 Gwei requires RLN","invocations":1,"location":null,"numPassingAsserts":1,"retryReasons":[],"status":"passed","title":"[PREM_002] Transaction with gasPrice < 10 Gwei requires RLN"},{"ancestorTitles":["RLN Deny List and Premium Gas"],"duration":434,"failureDetails":[],"failureMessages":[],"fullName":"RLN Deny List and Premium Gas [PREM_003] Exactly threshold (10 Gwei) bypasses RLN","invocations":1,"location":null,"numPassingAsserts":1,"retryReasons":[],"status":"passed","title":"[PREM_003] Exactly threshold (10 Gwei) bypasses RLN"},{"ancestorTitles":["RLN Deny List and Premium Gas"],"duration":3028,"failureDetails":[],"failureMessages":[],"fullName":"RLN Deny List and Premium Gas [PREM_004] Premium gas works even without Karma registration","invocations":1,"location":null,"numPassingAsserts":4,"retryReasons":[],"status":"passed","title":"[PREM_004] Premium gas works even without Karma registration"},{"ancestorTitles":["RLN Deny List and Premium Gas"],"duration":192,"failureDetails":[],"failureMessages":[],"fullName":"RLN Deny List and Premium Gas [PREM_005] Premium gas transaction from unfunded wallet fails","invocations":1,"location":null,"numPassingAsserts":2,"retryReasons":[],"status":"passed","title":"[PREM_005] Premium gas transaction from unfunded wallet fails"},{"ancestorTitles":["RLN Deny List and Premium Gas"],"duration":32930,"failureDetails":[],"failureMessages":[],"fullName":"RLN Deny List and Premium Gas [PREM_006] Gas estimate shows premium multiplier for denied users","invocations":1,"location":null,"numPassingAsserts":1,"retryReasons":[],"status":"passed","title":"[PREM_006] Gas estimate shows premium multiplier for denied users"}],"endTime":1765993444459,"message":"\u001b[1m\u001b[31m  \u001b[1m● \u001b[22m\u001b[1mRLN Deny List and Premium Gas › [DENY_005] Premium gas payment removes user from deny list\u001b[39m\u001b[22m\n\n    Expected transaction to fail but it succeeded\n\u001b[2m\u001b[22m\n\u001b[2m    \u001b[0m \u001b[90m 221 |\u001b[39m\u001b[22m\n\u001b[2m     \u001b[90m 222 |\u001b[39m       \u001b[36mif\u001b[39m (receipt \u001b[33m&&\u001b[39m receipt\u001b[33m.\u001b[39mstatus \u001b[33m===\u001b[39m \u001b[35m1\u001b[39m) {\u001b[22m\n\u001b[2m    \u001b[31m\u001b[1m>\u001b[22m\u001b[2m\u001b[39m\u001b[90m 223 |\u001b[39m         \u001b[36mthrow\u001b[39m \u001b[36mnew\u001b[39m \u001b[33mError\u001b[39m(\u001b[32m\"Expected transaction to fail but it succeeded\"\u001b[39m)\u001b[33m;\u001b[39m\u001b[22m\n\u001b[2m     \u001b[90m     |\u001b[39m               \u001b[31m\u001b[1m^\u001b[22m\u001b[2m\u001b[39m\u001b[22m\n\u001b[2m     \u001b[90m 224 |\u001b[39m       }\u001b[22m\n\u001b[2m     \u001b[90m 225 |\u001b[39m\u001b[22m\n\u001b[2m     \u001b[90m 226 |\u001b[39m       \u001b[36mreturn\u001b[39m \u001b[32m\"Transaction reverted\"\u001b[39m\u001b[33m;\u001b[39m\u001b[0m\u001b[22m\n\u001b[2m\u001b[22m\n\u001b[2m      \u001b[2mat RlnTestClient.sendGaslessTransactionExpectFailure (\u001b[22m\u001b[2mrln-gasless/utils/rln-test-client.ts\u001b[2m:223:15)\u001b[22m\u001b[2m\u001b[22m\n\u001b[2m      \u001b[2mat async Object.<anonymous> (\u001b[22m\u001b[2m\u001b[0m\u001b[36mrln-gasless/deny-list-and-premium-gas.spec.ts\u001b[39m\u001b[0m\u001b[2m:348:7)\u001b[22m\u001b[2m\u001b[22m\n","name":"/Users/nadeem/dev/status/testing/status-network-monorepo/e2e/src/rln-gasless/deny-list-and-premium-gas.spec.ts","startTime":1765992978963,"status":"failed","summary":""},{"assertionResults":[{"ancestorTitles":["RLN Gasless Transactions"],"duration":3085,"failureDetails":[],"failureMessages":[],"fullName":"RLN Gasless Transactions [GAS_001] Entry tier user can send exactly 2 gasless transactions","invocations":1,"location":null,"numPassingAsserts":3,"retryReasons":[],"status":"passed","title":"[GAS_001] Entry tier user can send exactly 2 gasless transactions"},{"ancestorTitles":["RLN Gasless Transactions"],"duration":5818,"failureDetails":[{}],"failureMessages":["Error: Expected transaction to fail but it succeeded\n    at RlnTestClient.sendGaslessTransactionExpectFailure (/Users/nadeem/dev/status/testing/status-network-monorepo/e2e/src/rln-gasless/utils/rln-test-client.ts:223:15)\n    at processTicksAndRejections (node:internal/process/task_queues:95:5)\n    at async Object.<anonymous> (/Users/nadeem/dev/status/testing/status-network-monorepo/e2e/src/rln-gasless/gasless-transactions.spec.ts:214:28)"],"fullName":"RLN Gasless Transactions [GAS_002] Entry tier user gets rejected on 3rd transaction (quota exceeded)","invocations":1,"location":null,"numPassingAsserts":0,"retryReasons":[],"status":"failed","title":"[GAS_002] Entry tier user gets rejected on 3rd transaction (quota exceeded)"},{"ancestorTitles":["RLN Gasless Transactions"],"duration":32457,"failureDetails":[],"failureMessages":[],"fullName":"RLN Gasless Transactions [GAS_003] User exceeding quota is added to deny list","invocations":1,"location":null,"numPassingAsserts":1,"retryReasons":[],"status":"passed","title":"[GAS_003] User exceeding quota is added to deny list"},{"ancestorTitles":["RLN Gasless Transactions"],"duration":3712,"failureDetails":[],"failureMessages":[],"fullName":"RLN Gasless Transactions [GAS_004] Non-Karma user cannot send gasless transactions","invocations":1,"location":null,"numPassingAsserts":3,"retryReasons":[],"status":"passed","title":"[GAS_004] Non-Karma user cannot send gasless transactions"},{"ancestorTitles":["RLN Gasless Transactions"],"duration":22557,"failureDetails":[],"failureMessages":[],"fullName":"RLN Gasless Transactions [GAS_005] Basic tier user can send 16 gasless transactions","invocations":1,"location":null,"numPassingAsserts":16,"retryReasons":[],"status":"passed","title":"[GAS_005] Basic tier user can send 16 gasless transactions"},{"ancestorTitles":["RLN Gasless Transactions"],"duration":31392,"failureDetails":[],"failureMessages":[],"fullName":"RLN Gasless Transactions [GAS_006] Quota resets after epoch boundary","invocations":1,"location":null,"numPassingAsserts":2,"retryReasons":[],"status":"passed","title":"[GAS_006] Quota resets after epoch boundary"},{"ancestorTitles":["RLN Gasless Transactions"],"duration":33548,"failureDetails":[],"failureMessages":[],"fullName":"RLN Gasless Transactions [GAS_007] Concurrent transactions maintain user quota isolation","invocations":1,"location":null,"numPassingAsserts":10,"retryReasons":[],"status":"passed","title":"[GAS_007] Concurrent transactions maintain user quota isolation"},{"ancestorTitles":["RLN Gasless Transactions"],"duration":39198,"failureDetails":[],"failureMessages":[],"fullName":"RLN Gasless Transactions [GAS_008] Different tiers have different quotas","invocations":1,"location":null,"numPassingAsserts":5,"retryReasons":[],"status":"passed","title":"[GAS_008] Different tiers have different quotas"},{"ancestorTitles":["RLN Gasless Transactions"],"duration":4190,"failureDetails":[],"failureMessages":[],"fullName":"RLN Gasless Transactions [GAS_009] Transaction without proof times out fast","invocations":1,"location":null,"numPassingAsserts":2,"retryReasons":[],"status":"passed","title":"[GAS_009] Transaction without proof times out fast"},{"ancestorTitles":["RLN Gasless Transactions"],"duration":4873,"failureDetails":[],"failureMessages":[],"fullName":"RLN Gasless Transactions [GAS_010] Nonce management for sequential gasless transactions","invocations":1,"location":null,"numPassingAsserts":6,"retryReasons":[],"status":"passed","title":"[GAS_010] Nonce management for sequential gasless transactions"}],"endTime":1765993676158,"message":"\u001b[1m\u001b[31m  \u001b[1m● \u001b[22m\u001b[1mRLN Gasless Transactions › [GAS_002] Entry tier user gets rejected on 3rd transaction (quota exceeded)\u001b[39m\u001b[22m\n\n    Expected transaction to fail but it succeeded\n\u001b[2m\u001b[22m\n\u001b[2m    \u001b[0m \u001b[90m 221 |\u001b[39m\u001b[22m\n\u001b[2m     \u001b[90m 222 |\u001b[39m       \u001b[36mif\u001b[39m (receipt \u001b[33m&&\u001b[39m receipt\u001b[33m.\u001b[39mstatus \u001b[33m===\u001b[39m \u001b[35m1\u001b[39m) {\u001b[22m\n\u001b[2m    \u001b[31m\u001b[1m>\u001b[22m\u001b[2m\u001b[39m\u001b[90m 223 |\u001b[39m         \u001b[36mthrow\u001b[39m \u001b[36mnew\u001b[39m \u001b[33mError\u001b[39m(\u001b[32m\"Expected transaction to fail but it succeeded\"\u001b[39m)\u001b[33m;\u001b[39m\u001b[22m\n\u001b[2m     \u001b[90m     |\u001b[39m               \u001b[31m\u001b[1m^\u001b[22m\u001b[2m\u001b[39m\u001b[22m\n\u001b[2m     \u001b[90m 224 |\u001b[39m       }\u001b[22m\n\u001b[2m     \u001b[90m 225 |\u001b[39m\u001b[22m\n\u001b[2m     \u001b[90m 226 |\u001b[39m       \u001b[36mreturn\u001b[39m \u001b[32m\"Transaction reverted\"\u001b[39m\u001b[33m;\u001b[39m\u001b[0m\u001b[22m\n\u001b[2m\u001b[22m\n\u001b[2m      \u001b[2mat RlnTestClient.sendGaslessTransactionExpectFailure (\u001b[22m\u001b[2mrln-gasless/utils/rln-test-client.ts\u001b[2m:223:15)\u001b[22m\u001b[2m\u001b[22m\n\u001b[2m      \u001b[2mat async Object.<anonymous> (\u001b[22m\u001b[2m\u001b[0m\u001b[36mrln-gasless/gasless-transactions.spec.ts\u001b[39m\u001b[0m\u001b[2m:214:28)\u001b[22m\u001b[2m\u001b[22m\n","name":"/Users/nadeem/dev/status/testing/status-network-monorepo/e2e/src/rln-gasless/gasless-transactions.spec.ts","startTime":1765993444472,"status":"failed","summary":""},{"assertionResults":[{"ancestorTitles":["RLN Integration and Error Handling"],"duration":86373,"failureDetails":[],"failureMessages":[],"fullName":"RLN Integration and Error Handling [INT_001] Complete lifecycle: Register → Gasless → Exhaust → Deny → Premium → Recovery","invocations":1,"location":null,"numPassingAsserts":6,"retryReasons":[],"status":"passed","title":"[INT_001] Complete lifecycle: Register → Gasless → Exhaust → Deny → Premium → Recovery"},{"ancestorTitles":["RLN Integration and Error Handling"],"duration":9779,"failureDetails":[],"failureMessages":[],"fullName":"RLN Integration and Error Handling [INT_002] Multiple users with different tiers operating simultaneously","invocations":1,"location":null,"numPassingAsserts":9,"retryReasons":[],"status":"passed","title":"[INT_002] Multiple users with different tiers operating simultaneously"},{"ancestorTitles":["RLN Integration and Error Handling"],"duration":4792,"failureDetails":[],"failureMessages":[],"fullName":"RLN Integration and Error Handling [INT_003] Rapid sequential transactions handled correctly","invocations":1,"location":null,"numPassingAsserts":5,"retryReasons":[],"status":"passed","title":"[INT_003] Rapid sequential transactions handled correctly"},{"ancestorTitles":["RLN Integration and Error Handling"],"duration":13205,"failureDetails":[],"failureMessages":[],"fullName":"RLN Integration and Error Handling [INT_004] Epoch transition with active users handled gracefully","invocations":1,"location":null,"numPassingAsserts":3,"retryReasons":[],"status":"passed","title":"[INT_004] Epoch transition with active users handled gracefully"},{"ancestorTitles":["RLN Integration and Error Handling"],"duration":5995,"failureDetails":[],"failureMessages":[],"fullName":"RLN Integration and Error Handling [INT_005] Concurrent transactions don't corrupt state","invocations":1,"location":null,"numPassingAsserts":9,"retryReasons":[],"status":"passed","title":"[INT_005] Concurrent transactions don't corrupt state"},{"ancestorTitles":["RLN Integration and Error Handling"],"duration":11956,"failureDetails":[],"failureMessages":[],"fullName":"RLN Integration and Error Handling [INT_006] High volume user quota tracking","invocations":1,"location":null,"numPassingAsserts":10,"retryReasons":[],"status":"passed","title":"[INT_006] High volume user quota tracking"},{"ancestorTitles":["RLN Integration and Error Handling"],"duration":958,"failureDetails":[],"failureMessages":[],"fullName":"RLN Integration and Error Handling [ERR_001] Karma service unavailable handled gracefully","invocations":1,"location":null,"numPassingAsserts":2,"retryReasons":[],"status":"passed","title":"[ERR_001] Karma service unavailable handled gracefully"},{"ancestorTitles":["RLN Integration and Error Handling"],"duration":3142,"failureDetails":[],"failureMessages":[],"fullName":"RLN Integration and Error Handling [ERR_002] RLN prover unavailable timeout handling","invocations":1,"location":null,"numPassingAsserts":2,"retryReasons":[],"status":"passed","title":"[ERR_002] RLN prover unavailable timeout handling"},{"ancestorTitles":["RLN Integration and Error Handling"],"duration":969,"failureDetails":[],"failureMessages":[],"fullName":"RLN Integration and Error Handling [ERR_003] Transaction with large data payload handled","invocations":1,"location":null,"numPassingAsserts":1,"retryReasons":[],"status":"passed","title":"[ERR_003] Transaction with large data payload handled"},{"ancestorTitles":["RLN Integration and Error Handling"],"duration":2058,"failureDetails":[],"failureMessages":[],"fullName":"RLN Integration and Error Handling [EDGE_001] Self-transfer gasless transaction allowed","invocations":1,"location":null,"numPassingAsserts":1,"retryReasons":[],"status":"passed","title":"[EDGE_001] Self-transfer gasless transaction allowed"},{"ancestorTitles":["RLN Integration and Error Handling"],"duration":832,"failureDetails":[],"failureMessages":[],"fullName":"RLN Integration and Error Handling [EDGE_002] Empty data gasless transaction allowed","invocations":1,"location":null,"numPassingAsserts":1,"retryReasons":[],"status":"passed","title":"[EDGE_002] Empty data gasless transaction allowed"},{"ancestorTitles":["RLN Integration and Error Handling"],"duration":994,"failureDetails":[],"failureMessages":[],"fullName":"RLN Integration and Error Handling [EDGE_003] Minimum gas limit transaction succeeds","invocations":1,"location":null,"numPassingAsserts":1,"retryReasons":[],"status":"passed","title":"[EDGE_003] Minimum gas limit transaction succeeds"},{"ancestorTitles":["RLN Integration and Error Handling"],"duration":10221,"failureDetails":[],"failureMessages":[],"fullName":"RLN Integration and Error Handling [EDGE_004] Rapid user creation and registration without conflicts","invocations":1,"location":null,"numPassingAsserts":3,"retryReasons":[],"status":"passed","title":"[EDGE_004] Rapid user creation and registration without conflicts"},{"ancestorTitles":["RLN Integration and Error Handling"],"duration":3805,"failureDetails":[],"failureMessages":[],"fullName":"RLN Integration and Error Handling [EDGE_005] Transaction to contract address allowed","invocations":1,"location":null,"numPassingAsserts":1,"retryReasons":[],"status":"passed","title":"[EDGE_005] Transaction to contract address allowed"}],"endTime":1765993933243,"message":"","name":"/Users/nadeem/dev/status/testing/status-network-monorepo/e2e/src/rln-gasless/integration-and-errors.spec.ts","startTime":1765993676165,"status":"passed","summary":""},{"assertionResults":[{"ancestorTitles":["RLN Nullifier Tracking"],"duration":2696,"failureDetails":[],"failureMessages":[],"fullName":"RLN Nullifier Tracking [NULL_001] Each transaction gets unique nullifier","invocations":1,"location":null,"numPassingAsserts":3,"retryReasons":[],"status":"passed","title":"[NULL_001] Each transaction gets unique nullifier"},{"ancestorTitles":["RLN Nullifier Tracking"],"duration":9635,"failureDetails":[],"failureMessages":[],"fullName":"RLN Nullifier Tracking [NULL_002] Same user can transact across different epochs","invocations":1,"location":null,"numPassingAsserts":1,"retryReasons":[],"status":"passed","title":"[NULL_002] Same user can transact across different epochs"},{"ancestorTitles":["RLN Nullifier Tracking"],"duration":13997,"failureDetails":[],"failureMessages":[],"fullName":"RLN Nullifier Tracking [NULL_003] Quota exhaustion triggers security event logging","invocations":1,"location":null,"numPassingAsserts":0,"retryReasons":[],"status":"passed","title":"[NULL_003] Quota exhaustion triggers security event logging"},{"ancestorTitles":["RLN Nullifier Tracking"],"duration":1274,"failureDetails":[],"failureMessages":[],"fullName":"RLN Nullifier Tracking [NULL_004] Replay attack prevention via nonce enforcement","invocations":1,"location":null,"numPassingAsserts":2,"retryReasons":[],"status":"passed","title":"[NULL_004] Replay attack prevention via nonce enforcement"},{"ancestorTitles":["RLN Nullifier Tracking"],"duration":959,"failureDetails":[],"failureMessages":[],"fullName":"RLN Nullifier Tracking [NULL_005] Epoch validation in proofs","invocations":1,"location":null,"numPassingAsserts":2,"retryReasons":[],"status":"passed","title":"[NULL_005] Epoch validation in proofs"},{"ancestorTitles":["RLN Nullifier Tracking"],"duration":4895,"failureDetails":[],"failureMessages":[],"fullName":"RLN Nullifier Tracking [NULL_006] Rapid sequential transactions handled","invocations":1,"location":null,"numPassingAsserts":1,"retryReasons":[],"status":"passed","title":"[NULL_006] Rapid sequential transactions handled"},{"ancestorTitles":["RLN Nullifier Tracking"],"duration":3111,"failureDetails":[],"failureMessages":[],"fullName":"RLN Nullifier Tracking [NULL_007] Concurrent transactions from multiple users without interference","invocations":1,"location":null,"numPassingAsserts":6,"retryReasons":[],"status":"passed","title":"[NULL_007] Concurrent transactions from multiple users without interference"},{"ancestorTitles":["RLN Nullifier Tracking"],"duration":2031,"failureDetails":[],"failureMessages":[],"fullName":"RLN Nullifier Tracking [NULL_008] Nullifier database persistence verified","invocations":1,"location":null,"numPassingAsserts":3,"retryReasons":[],"status":"passed","title":"[NULL_008] Nullifier database persistence verified"}],"endTime":1765994040357,"message":"","name":"/Users/nadeem/dev/status/testing/status-network-monorepo/e2e/src/rln-gasless/nullifier-tracking.spec.ts","startTime":1765993933258,"status":"passed","summary":""},{"assertionResults":[{"ancestorTitles":["RLN Proof Verification"],"duration":1247,"failureDetails":[],"failureMessages":[],"fullName":"RLN Proof Verification [RLN_001] Valid RLN proof is accepted","invocations":1,"location":null,"numPassingAsserts":1,"retryReasons":[],"status":"passed","title":"[RLN_001] Valid RLN proof is accepted"},{"ancestorTitles":["RLN Proof Verification"],"duration":4385,"failureDetails":[],"failureMessages":[],"fullName":"RLN Proof Verification [RLN_002] Unregistered user gets no proof generated","invocations":1,"location":null,"numPassingAsserts":2,"retryReasons":[],"status":"passed","title":"[RLN_002] Unregistered user gets no proof generated"},{"ancestorTitles":["RLN Proof Verification"],"duration":3156,"failureDetails":[],"failureMessages":[],"fullName":"RLN Proof Verification [RLN_003] Transaction with garbage data still needs valid proof","invocations":1,"location":null,"numPassingAsserts":1,"retryReasons":[],"status":"passed","title":"[RLN_003] Transaction with garbage data still needs valid proof"},{"ancestorTitles":["RLN Proof Verification"],"duration":1425,"failureDetails":[],"failureMessages":[],"fullName":"RLN Proof Verification [RLN_004] Proof arrives before transaction (async handling)","invocations":1,"location":null,"numPassingAsserts":1,"retryReasons":[],"status":"passed","title":"[RLN_004] Proof arrives before transaction (async handling)"},{"ancestorTitles":["RLN Proof Verification"],"duration":3154,"failureDetails":[],"failureMessages":[],"fullName":"RLN Proof Verification [RLN_005] Transaction times out fast without proof","invocations":1,"location":null,"numPassingAsserts":2,"retryReasons":[],"status":"passed","title":"[RLN_005] Transaction times out fast without proof"},{"ancestorTitles":["RLN Proof Verification"],"duration":2654,"failureDetails":[],"failureMessages":[],"fullName":"RLN Proof Verification [RLN_006] Multiple sequential proofs are processed","invocations":1,"location":null,"numPassingAsserts":4,"retryReasons":[],"status":"passed","title":"[RLN_006] Multiple sequential proofs are processed"},{"ancestorTitles":["RLN Proof Verification"],"duration":1954,"failureDetails":[],"failureMessages":[],"fullName":"RLN Proof Verification [RLN_007] gRPC stream resilience maintained across transactions","invocations":1,"location":null,"numPassingAsserts":2,"retryReasons":[],"status":"passed","title":"[RLN_007] gRPC stream resilience maintained across transactions"},{"ancestorTitles":["RLN Proof Verification"],"duration":3399,"failureDetails":[],"failureMessages":[],"fullName":"RLN Proof Verification [RLN_008] Proof rejection events are logged","invocations":1,"location":null,"numPassingAsserts":1,"retryReasons":[],"status":"passed","title":"[RLN_008] Proof rejection events are logged"},{"ancestorTitles":["RLN Proof Verification"],"duration":5619,"failureDetails":[],"failureMessages":[],"fullName":"RLN Proof Verification [RLN_009] Zero-value transactions require proof","invocations":1,"location":null,"numPassingAsserts":2,"retryReasons":[],"status":"passed","title":"[RLN_009] Zero-value transactions require proof"},{"ancestorTitles":["RLN Proof Verification"],"duration":4272,"failureDetails":[],"failureMessages":[],"fullName":"RLN Proof Verification [RLN_010] Self-transfer with zero gas requires proof","invocations":1,"location":null,"numPassingAsserts":2,"retryReasons":[],"status":"passed","title":"[RLN_010] Self-transfer with zero gas requires proof"}],"endTime":1765994143385,"message":"","name":"/Users/nadeem/dev/status/testing/status-network-monorepo/e2e/src/rln-gasless/rln-proof-verification.spec.ts","startTime":1765994040360,"status":"passed","summary":""},{"assertionResults":[{"ancestorTitles":["RLN Karma and Tier System"],"duration":7204,"failureDetails":[],"failureMessages":[],"fullName":"RLN Karma and Tier System [KARMA_001] Minting 1 Karma assigns Entry tier","invocations":1,"location":null,"numPassingAsserts":4,"retryReasons":[],"status":"passed","title":"[KARMA_001] Minting 1 Karma assigns Entry tier"},{"ancestorTitles":["RLN Karma and Tier System"],"duration":10980,"failureDetails":[],"failureMessages":[],"fullName":"RLN Karma and Tier System [KARMA_002] Minting 50 Karma assigns Basic tier","invocations":1,"location":null,"numPassingAsserts":6,"retryReasons":[],"status":"passed","title":"[KARMA_002] Minting 50 Karma assigns Basic tier"},{"ancestorTitles":["RLN Karma and Tier System"],"duration":8542,"failureDetails":[],"failureMessages":[],"fullName":"RLN Karma and Tier System [KARMA_003] Karma mint triggers automatic RLN registration","invocations":1,"location":null,"numPassingAsserts":4,"retryReasons":[],"status":"passed","title":"[KARMA_003] Karma mint triggers automatic RLN registration"},{"ancestorTitles":["RLN Karma and Tier System"],"duration":12413,"failureDetails":[],"failureMessages":[],"fullName":"RLN Karma and Tier System [KARMA_004] Additional Karma mint increases available quota","invocations":1,"location":null,"numPassingAsserts":6,"retryReasons":[],"status":"passed","title":"[KARMA_004] Additional Karma mint increases available quota"},{"ancestorTitles":["RLN Karma and Tier System"],"duration":2,"failureDetails":[],"failureMessages":[],"fullName":"RLN Karma and Tier System [KARMA_005] All tier levels have correct quota values","invocations":1,"location":null,"numPassingAsserts":30,"retryReasons":[],"status":"passed","title":"[KARMA_005] All tier levels have correct quota values"},{"ancestorTitles":["RLN Karma and Tier System"],"duration":18469,"failureDetails":[],"failureMessages":[],"fullName":"RLN Karma and Tier System [KARMA_006] Tier boundary at exact threshold is handled correctly","invocations":1,"location":null,"numPassingAsserts":4,"retryReasons":[],"status":"passed","title":"[KARMA_006] Tier boundary at exact threshold is handled correctly"},{"ancestorTitles":["RLN Karma and Tier System"],"duration":4414,"failureDetails":[],"failureMessages":[],"fullName":"RLN Karma and Tier System [KARMA_007] Zero Karma user cannot use gasless","invocations":1,"location":null,"numPassingAsserts":3,"retryReasons":[],"status":"passed","title":"[KARMA_007] Zero Karma user cannot use gasless"},{"ancestorTitles":["RLN Karma and Tier System"],"duration":8836,"failureDetails":[],"failureMessages":[],"fullName":"RLN Karma and Tier System [KARMA_008] Identity commitment is unique per user","invocations":1,"location":null,"numPassingAsserts":3,"retryReasons":[],"status":"passed","title":"[KARMA_008] Identity commitment is unique per user"}],"endTime":1765994223987,"message":"","name":"/Users/nadeem/dev/status/testing/status-network-monorepo/e2e/src/rln-gasless/karma-tier-system.spec.ts","startTime":1765994143396,"status":"passed","summary":""}],"wasInterrupted":false}
