{"numFailedTestSuites":6,"numFailedTests":65,"numPassedTestSuites":0,"numPassedTests":0,"numPendingTestSuites":0,"numPendingTests":0,"numRuntimeErrorTestSuites":0,"numTodoTests":0,"numTotalTestSuites":6,"numTotalTests":65,"openHandles":[],"snapshot":{"added":0,"didUpdate":false,"failure":false,"filesAdded":0,"filesRemoved":0,"filesRemovedList":[],"filesUnmatched":0,"filesUpdated":0,"matched":0,"total":0,"unchecked":0,"uncheckedKeysByFile":[],"unmatched":0,"updated":0},"startTime":1768564262973,"success":false,"testResults":[{"assertionResults":[{"ancestorTitles":["RLN Deny List and Premium Gas"],"duration":5,"failureDetails":[{"code":"TIMEOUT","shortMessage":"wait for transaction timeout"}],"failureMessages":["Error: wait for transaction timeout (code=TIMEOUT, version=6.13.7)\n    at makeError (/Users/nadeem/dev/status/testing/status-network-monorepo/node_modules/.pnpm/ethers@6.13.7_bufferutil@4.0.8_utf-8-validate@5.0.10/node_modules/ethers/src.ts/utils/errors.ts:694:21)\n    at Timeout.<anonymous> (/Users/nadeem/dev/status/testing/status-network-monorepo/node_modules/.pnpm/ethers@6.13.7_bufferutil@4.0.8_utf-8-validate@5.0.10/node_modules/ethers/src.ts/providers/provider.ts:1625:37)\n    at listOnTimeout (node:internal/timers:588:17)\n    at processTimers (node:internal/timers:523:7)"],"fullName":"RLN Deny List and Premium Gas [DENY_001] User exceeding quota is added to deny list","invocations":1,"location":null,"numPassingAsserts":0,"retryReasons":[],"status":"failed","title":"[DENY_001] User exceeding quota is added to deny list"},{"ancestorTitles":["RLN Deny List and Premium Gas"],"duration":0,"failureDetails":[{"code":"TIMEOUT","shortMessage":"wait for transaction timeout"}],"failureMessages":["Error: wait for transaction timeout (code=TIMEOUT, version=6.13.7)\n    at makeError (/Users/nadeem/dev/status/testing/status-network-monorepo/node_modules/.pnpm/ethers@6.13.7_bufferutil@4.0.8_utf-8-validate@5.0.10/node_modules/ethers/src.ts/utils/errors.ts:694:21)\n    at Timeout.<anonymous> (/Users/nadeem/dev/status/testing/status-network-monorepo/node_modules/.pnpm/ethers@6.13.7_bufferutil@4.0.8_utf-8-validate@5.0.10/node_modules/ethers/src.ts/providers/provider.ts:1625:37)\n    at listOnTimeout (node:internal/timers:588:17)\n    at processTimers (node:internal/timers:523:7)"],"fullName":"RLN Deny List and Premium Gas [DENY_002] Denied user cannot send gasless transactions","invocations":1,"location":null,"numPassingAsserts":0,"retryReasons":[],"status":"failed","title":"[DENY_002] Denied user cannot send gasless transactions"},{"ancestorTitles":["RLN Deny List and Premium Gas"],"duration":0,"failureDetails":[{"code":"TIMEOUT","shortMessage":"wait for transaction timeout"}],"failureMessages":["Error: wait for transaction timeout (code=TIMEOUT, version=6.13.7)\n    at makeError (/Users/nadeem/dev/status/testing/status-network-monorepo/node_modules/.pnpm/ethers@6.13.7_bufferutil@4.0.8_utf-8-validate@5.0.10/node_modules/ethers/src.ts/utils/errors.ts:694:21)\n    at Timeout.<anonymous> (/Users/nadeem/dev/status/testing/status-network-monorepo/node_modules/.pnpm/ethers@6.13.7_bufferutil@4.0.8_utf-8-validate@5.0.10/node_modules/ethers/src.ts/providers/provider.ts:1625:37)\n    at listOnTimeout (node:internal/timers:588:17)\n    at processTimers (node:internal/timers:523:7)"],"fullName":"RLN Deny List and Premium Gas [DENY_003] Premium gas clears deny status (recovery path)","invocations":1,"location":null,"numPassingAsserts":0,"retryReasons":[],"status":"failed","title":"[DENY_003] Premium gas clears deny status (recovery path)"},{"ancestorTitles":["RLN Deny List and Premium Gas"],"duration":1,"failureDetails":[{"code":"TIMEOUT","shortMessage":"wait for transaction timeout"}],"failureMessages":["Error: wait for transaction timeout (code=TIMEOUT, version=6.13.7)\n    at makeError (/Users/nadeem/dev/status/testing/status-network-monorepo/node_modules/.pnpm/ethers@6.13.7_bufferutil@4.0.8_utf-8-validate@5.0.10/node_modules/ethers/src.ts/utils/errors.ts:694:21)\n    at Timeout.<anonymous> (/Users/nadeem/dev/status/testing/status-network-monorepo/node_modules/.pnpm/ethers@6.13.7_bufferutil@4.0.8_utf-8-validate@5.0.10/node_modules/ethers/src.ts/providers/provider.ts:1625:37)\n    at listOnTimeout (node:internal/timers:588:17)\n    at processTimers (node:internal/timers:523:7)"],"fullName":"RLN Deny List and Premium Gas [DENY_004] Denied user can send premium gas transaction","invocations":1,"location":null,"numPassingAsserts":0,"retryReasons":[],"status":"failed","title":"[DENY_004] Denied user can send premium gas transaction"},{"ancestorTitles":["RLN Deny List and Premium Gas"],"duration":0,"failureDetails":[{"code":"TIMEOUT","shortMessage":"wait for transaction timeout"}],"failureMessages":["Error: wait for transaction timeout (code=TIMEOUT, version=6.13.7)\n    at makeError (/Users/nadeem/dev/status/testing/status-network-monorepo/node_modules/.pnpm/ethers@6.13.7_bufferutil@4.0.8_utf-8-validate@5.0.10/node_modules/ethers/src.ts/utils/errors.ts:694:21)\n    at Timeout.<anonymous> (/Users/nadeem/dev/status/testing/status-network-monorepo/node_modules/.pnpm/ethers@6.13.7_bufferutil@4.0.8_utf-8-validate@5.0.10/node_modules/ethers/src.ts/providers/provider.ts:1625:37)\n    at listOnTimeout (node:internal/timers:588:17)\n    at processTimers (node:internal/timers:523:7)"],"fullName":"RLN Deny List and Premium Gas [DENY_005] Premium gas payment removes user from deny list","invocations":1,"location":null,"numPassingAsserts":0,"retryReasons":[],"status":"failed","title":"[DENY_005] Premium gas payment removes user from deny list"},{"ancestorTitles":["RLN Deny List and Premium Gas"],"duration":0,"failureDetails":[{"code":"TIMEOUT","shortMessage":"wait for transaction timeout"}],"failureMessages":["Error: wait for transaction timeout (code=TIMEOUT, version=6.13.7)\n    at makeError (/Users/nadeem/dev/status/testing/status-network-monorepo/node_modules/.pnpm/ethers@6.13.7_bufferutil@4.0.8_utf-8-validate@5.0.10/node_modules/ethers/src.ts/utils/errors.ts:694:21)\n    at Timeout.<anonymous> (/Users/nadeem/dev/status/testing/status-network-monorepo/node_modules/.pnpm/ethers@6.13.7_bufferutil@4.0.8_utf-8-validate@5.0.10/node_modules/ethers/src.ts/providers/provider.ts:1625:37)\n    at listOnTimeout (node:internal/timers:588:17)\n    at processTimers (node:internal/timers:523:7)"],"fullName":"RLN Deny List and Premium Gas [DENY_006] After premium recovery and new epoch, user can send gasless again","invocations":1,"location":null,"numPassingAsserts":0,"retryReasons":[],"status":"failed","title":"[DENY_006] After premium recovery and new epoch, user can send gasless again"},{"ancestorTitles":["RLN Deny List and Premium Gas"],"duration":0,"failureDetails":[{"code":"TIMEOUT","shortMessage":"wait for transaction timeout"}],"failureMessages":["Error: wait for transaction timeout (code=TIMEOUT, version=6.13.7)\n    at makeError (/Users/nadeem/dev/status/testing/status-network-monorepo/node_modules/.pnpm/ethers@6.13.7_bufferutil@4.0.8_utf-8-validate@5.0.10/node_modules/ethers/src.ts/utils/errors.ts:694:21)\n    at Timeout.<anonymous> (/Users/nadeem/dev/status/testing/status-network-monorepo/node_modules/.pnpm/ethers@6.13.7_bufferutil@4.0.8_utf-8-validate@5.0.10/node_modules/ethers/src.ts/providers/provider.ts:1625:37)\n    at listOnTimeout (node:internal/timers:588:17)\n    at processTimers (node:internal/timers:523:7)"],"fullName":"RLN Deny List and Premium Gas [DENY_007] Multiple users can be on deny list simultaneously","invocations":1,"location":null,"numPassingAsserts":0,"retryReasons":[],"status":"failed","title":"[DENY_007] Multiple users can be on deny list simultaneously"},{"ancestorTitles":["RLN Deny List and Premium Gas"],"duration":0,"failureDetails":[{"code":"TIMEOUT","shortMessage":"wait for transaction timeout"}],"failureMessages":["Error: wait for transaction timeout (code=TIMEOUT, version=6.13.7)\n    at makeError (/Users/nadeem/dev/status/testing/status-network-monorepo/node_modules/.pnpm/ethers@6.13.7_bufferutil@4.0.8_utf-8-validate@5.0.10/node_modules/ethers/src.ts/utils/errors.ts:694:21)\n    at Timeout.<anonymous> (/Users/nadeem/dev/status/testing/status-network-monorepo/node_modules/.pnpm/ethers@6.13.7_bufferutil@4.0.8_utf-8-validate@5.0.10/node_modules/ethers/src.ts/providers/provider.ts:1625:37)\n    at listOnTimeout (node:internal/timers:588:17)\n    at processTimers (node:internal/timers:523:7)"],"fullName":"RLN Deny List and Premium Gas [DENY_008] Deny list state is consistent across checks","invocations":1,"location":null,"numPassingAsserts":0,"retryReasons":[],"status":"failed","title":"[DENY_008] Deny list state is consistent across checks"},{"ancestorTitles":["RLN Deny List and Premium Gas"],"duration":0,"failureDetails":[{"code":"TIMEOUT","shortMessage":"wait for transaction timeout"}],"failureMessages":["Error: wait for transaction timeout (code=TIMEOUT, version=6.13.7)\n    at makeError (/Users/nadeem/dev/status/testing/status-network-monorepo/node_modules/.pnpm/ethers@6.13.7_bufferutil@4.0.8_utf-8-validate@5.0.10/node_modules/ethers/src.ts/utils/errors.ts:694:21)\n    at Timeout.<anonymous> (/Users/nadeem/dev/status/testing/status-network-monorepo/node_modules/.pnpm/ethers@6.13.7_bufferutil@4.0.8_utf-8-validate@5.0.10/node_modules/ethers/src.ts/providers/provider.ts:1625:37)\n    at listOnTimeout (node:internal/timers:588:17)\n    at processTimers (node:internal/timers:523:7)"],"fullName":"RLN Deny List and Premium Gas [DENY_009] Concurrent deny list additions are safe","invocations":1,"location":null,"numPassingAsserts":0,"retryReasons":[],"status":"failed","title":"[DENY_009] Concurrent deny list additions are safe"},{"ancestorTitles":["RLN Deny List and Premium Gas"],"duration":0,"failureDetails":[{"code":"TIMEOUT","shortMessage":"wait for transaction timeout"}],"failureMessages":["Error: wait for transaction timeout (code=TIMEOUT, version=6.13.7)\n    at makeError (/Users/nadeem/dev/status/testing/status-network-monorepo/node_modules/.pnpm/ethers@6.13.7_bufferutil@4.0.8_utf-8-validate@5.0.10/node_modules/ethers/src.ts/utils/errors.ts:694:21)\n    at Timeout.<anonymous> (/Users/nadeem/dev/status/testing/status-network-monorepo/node_modules/.pnpm/ethers@6.13.7_bufferutil@4.0.8_utf-8-validate@5.0.10/node_modules/ethers/src.ts/providers/provider.ts:1625:37)\n    at listOnTimeout (node:internal/timers:588:17)\n    at processTimers (node:internal/timers:523:7)"],"fullName":"RLN Deny List and Premium Gas [PREM_001] Transaction with gasPrice >= 10 Gwei bypasses RLN","invocations":1,"location":null,"numPassingAsserts":0,"retryReasons":[],"status":"failed","title":"[PREM_001] Transaction with gasPrice >= 10 Gwei bypasses RLN"},{"ancestorTitles":["RLN Deny List and Premium Gas"],"duration":0,"failureDetails":[{"code":"TIMEOUT","shortMessage":"wait for transaction timeout"}],"failureMessages":["Error: wait for transaction timeout (code=TIMEOUT, version=6.13.7)\n    at makeError (/Users/nadeem/dev/status/testing/status-network-monorepo/node_modules/.pnpm/ethers@6.13.7_bufferutil@4.0.8_utf-8-validate@5.0.10/node_modules/ethers/src.ts/utils/errors.ts:694:21)\n    at Timeout.<anonymous> (/Users/nadeem/dev/status/testing/status-network-monorepo/node_modules/.pnpm/ethers@6.13.7_bufferutil@4.0.8_utf-8-validate@5.0.10/node_modules/ethers/src.ts/providers/provider.ts:1625:37)\n    at listOnTimeout (node:internal/timers:588:17)\n    at processTimers (node:internal/timers:523:7)"],"fullName":"RLN Deny List and Premium Gas [PREM_002] Transaction with gasPrice < 10 Gwei requires RLN","invocations":1,"location":null,"numPassingAsserts":0,"retryReasons":[],"status":"failed","title":"[PREM_002] Transaction with gasPrice < 10 Gwei requires RLN"},{"ancestorTitles":["RLN Deny List and Premium Gas"],"duration":0,"failureDetails":[{"code":"TIMEOUT","shortMessage":"wait for transaction timeout"}],"failureMessages":["Error: wait for transaction timeout (code=TIMEOUT, version=6.13.7)\n    at makeError (/Users/nadeem/dev/status/testing/status-network-monorepo/node_modules/.pnpm/ethers@6.13.7_bufferutil@4.0.8_utf-8-validate@5.0.10/node_modules/ethers/src.ts/utils/errors.ts:694:21)\n    at Timeout.<anonymous> (/Users/nadeem/dev/status/testing/status-network-monorepo/node_modules/.pnpm/ethers@6.13.7_bufferutil@4.0.8_utf-8-validate@5.0.10/node_modules/ethers/src.ts/providers/provider.ts:1625:37)\n    at listOnTimeout (node:internal/timers:588:17)\n    at processTimers (node:internal/timers:523:7)"],"fullName":"RLN Deny List and Premium Gas [PREM_003] Exactly threshold (10 Gwei) bypasses RLN","invocations":1,"location":null,"numPassingAsserts":0,"retryReasons":[],"status":"failed","title":"[PREM_003] Exactly threshold (10 Gwei) bypasses RLN"},{"ancestorTitles":["RLN Deny List and Premium Gas"],"duration":0,"failureDetails":[{"code":"TIMEOUT","shortMessage":"wait for transaction timeout"}],"failureMessages":["Error: wait for transaction timeout (code=TIMEOUT, version=6.13.7)\n    at makeError (/Users/nadeem/dev/status/testing/status-network-monorepo/node_modules/.pnpm/ethers@6.13.7_bufferutil@4.0.8_utf-8-validate@5.0.10/node_modules/ethers/src.ts/utils/errors.ts:694:21)\n    at Timeout.<anonymous> (/Users/nadeem/dev/status/testing/status-network-monorepo/node_modules/.pnpm/ethers@6.13.7_bufferutil@4.0.8_utf-8-validate@5.0.10/node_modules/ethers/src.ts/providers/provider.ts:1625:37)\n    at listOnTimeout (node:internal/timers:588:17)\n    at processTimers (node:internal/timers:523:7)"],"fullName":"RLN Deny List and Premium Gas [PREM_004] Premium gas works even without Karma registration","invocations":1,"location":null,"numPassingAsserts":0,"retryReasons":[],"status":"failed","title":"[PREM_004] Premium gas works even without Karma registration"},{"ancestorTitles":["RLN Deny List and Premium Gas"],"duration":0,"failureDetails":[{"code":"TIMEOUT","shortMessage":"wait for transaction timeout"}],"failureMessages":["Error: wait for transaction timeout (code=TIMEOUT, version=6.13.7)\n    at makeError (/Users/nadeem/dev/status/testing/status-network-monorepo/node_modules/.pnpm/ethers@6.13.7_bufferutil@4.0.8_utf-8-validate@5.0.10/node_modules/ethers/src.ts/utils/errors.ts:694:21)\n    at Timeout.<anonymous> (/Users/nadeem/dev/status/testing/status-network-monorepo/node_modules/.pnpm/ethers@6.13.7_bufferutil@4.0.8_utf-8-validate@5.0.10/node_modules/ethers/src.ts/providers/provider.ts:1625:37)\n    at listOnTimeout (node:internal/timers:588:17)\n    at processTimers (node:internal/timers:523:7)"],"fullName":"RLN Deny List and Premium Gas [PREM_005] Premium gas transaction from unfunded wallet fails","invocations":1,"location":null,"numPassingAsserts":0,"retryReasons":[],"status":"failed","title":"[PREM_005] Premium gas transaction from unfunded wallet fails"},{"ancestorTitles":["RLN Deny List and Premium Gas"],"duration":0,"failureDetails":[{"code":"TIMEOUT","shortMessage":"wait for transaction timeout"}],"failureMessages":["Error: wait for transaction timeout (code=TIMEOUT, version=6.13.7)\n    at makeError (/Users/nadeem/dev/status/testing/status-network-monorepo/node_modules/.pnpm/ethers@6.13.7_bufferutil@4.0.8_utf-8-validate@5.0.10/node_modules/ethers/src.ts/utils/errors.ts:694:21)\n    at Timeout.<anonymous> (/Users/nadeem/dev/status/testing/status-network-monorepo/node_modules/.pnpm/ethers@6.13.7_bufferutil@4.0.8_utf-8-validate@5.0.10/node_modules/ethers/src.ts/providers/provider.ts:1625:37)\n    at listOnTimeout (node:internal/timers:588:17)\n    at processTimers (node:internal/timers:523:7)"],"fullName":"RLN Deny List and Premium Gas [PREM_006] Gas estimate shows premium multiplier for denied users","invocations":1,"location":null,"numPassingAsserts":0,"retryReasons":[],"status":"failed","title":"[PREM_006] Gas estimate shows premium multiplier for denied users"}],"endTime":1768564329848,"message":"\u001b[1m\u001b[31m  \u001b[1m● \u001b[22m\u001b[1mRLN Deny List and Premium Gas › [DENY_001] User exceeding quota is added to deny list\u001b[39m\u001b[22m\n\n    wait for transaction timeout (code=TIMEOUT, version=6.13.7)\n\u001b[2m\u001b[22m\n\u001b[2m      \u001b[2mat makeError (\u001b[22m\u001b[2m../node_modules/.pnpm/ethers@6.13.7_bufferutil@4.0.8_utf-8-validate@5.0.10/node_modules/ethers/src.ts/utils/errors.ts\u001b[2m:694:21)\u001b[22m\u001b[2m\u001b[22m\n\u001b[2m      \u001b[2mat Timeout.<anonymous> (\u001b[22m\u001b[2m../node_modules/.pnpm/ethers@6.13.7_bufferutil@4.0.8_utf-8-validate@5.0.10/node_modules/ethers/src.ts/providers/provider.ts\u001b[2m:1625:37)\u001b[22m\u001b[2m\u001b[22m\n\n\u001b[1m\u001b[31m  \u001b[1m● \u001b[22m\u001b[1mRLN Deny List and Premium Gas › [DENY_002] Denied user cannot send gasless transactions\u001b[39m\u001b[22m\n\n    wait for transaction timeout (code=TIMEOUT, version=6.13.7)\n\u001b[2m\u001b[22m\n\u001b[2m      \u001b[2mat makeError (\u001b[22m\u001b[2m../node_modules/.pnpm/ethers@6.13.7_bufferutil@4.0.8_utf-8-validate@5.0.10/node_modules/ethers/src.ts/utils/errors.ts\u001b[2m:694:21)\u001b[22m\u001b[2m\u001b[22m\n\u001b[2m      \u001b[2mat Timeout.<anonymous> (\u001b[22m\u001b[2m../node_modules/.pnpm/ethers@6.13.7_bufferutil@4.0.8_utf-8-validate@5.0.10/node_modules/ethers/src.ts/providers/provider.ts\u001b[2m:1625:37)\u001b[22m\u001b[2m\u001b[22m\n\n\u001b[1m\u001b[31m  \u001b[1m● \u001b[22m\u001b[1mRLN Deny List and Premium Gas › [DENY_003] Premium gas clears deny status (recovery path)\u001b[39m\u001b[22m\n\n    wait for transaction timeout (code=TIMEOUT, version=6.13.7)\n\u001b[2m\u001b[22m\n\u001b[2m      \u001b[2mat makeError (\u001b[22m\u001b[2m../node_modules/.pnpm/ethers@6.13.7_bufferutil@4.0.8_utf-8-validate@5.0.10/node_modules/ethers/src.ts/utils/errors.ts\u001b[2m:694:21)\u001b[22m\u001b[2m\u001b[22m\n\u001b[2m      \u001b[2mat Timeout.<anonymous> (\u001b[22m\u001b[2m../node_modules/.pnpm/ethers@6.13.7_bufferutil@4.0.8_utf-8-validate@5.0.10/node_modules/ethers/src.ts/providers/provider.ts\u001b[2m:1625:37)\u001b[22m\u001b[2m\u001b[22m\n\n\u001b[1m\u001b[31m  \u001b[1m● \u001b[22m\u001b[1mRLN Deny List and Premium Gas › [DENY_004] Denied user can send premium gas transaction\u001b[39m\u001b[22m\n\n    wait for transaction timeout (code=TIMEOUT, version=6.13.7)\n\u001b[2m\u001b[22m\n\u001b[2m      \u001b[2mat makeError (\u001b[22m\u001b[2m../node_modules/.pnpm/ethers@6.13.7_bufferutil@4.0.8_utf-8-validate@5.0.10/node_modules/ethers/src.ts/utils/errors.ts\u001b[2m:694:21)\u001b[22m\u001b[2m\u001b[22m\n\u001b[2m      \u001b[2mat Timeout.<anonymous> (\u001b[22m\u001b[2m../node_modules/.pnpm/ethers@6.13.7_bufferutil@4.0.8_utf-8-validate@5.0.10/node_modules/ethers/src.ts/providers/provider.ts\u001b[2m:1625:37)\u001b[22m\u001b[2m\u001b[22m\n\n\u001b[1m\u001b[31m  \u001b[1m● \u001b[22m\u001b[1mRLN Deny List and Premium Gas › [DENY_005] Premium gas payment removes user from deny list\u001b[39m\u001b[22m\n\n    wait for transaction timeout (code=TIMEOUT, version=6.13.7)\n\u001b[2m\u001b[22m\n\u001b[2m      \u001b[2mat makeError (\u001b[22m\u001b[2m../node_modules/.pnpm/ethers@6.13.7_bufferutil@4.0.8_utf-8-validate@5.0.10/node_modules/ethers/src.ts/utils/errors.ts\u001b[2m:694:21)\u001b[22m\u001b[2m\u001b[22m\n\u001b[2m      \u001b[2mat Timeout.<anonymous> (\u001b[22m\u001b[2m../node_modules/.pnpm/ethers@6.13.7_bufferutil@4.0.8_utf-8-validate@5.0.10/node_modules/ethers/src.ts/providers/provider.ts\u001b[2m:1625:37)\u001b[22m\u001b[2m\u001b[22m\n\n\u001b[1m\u001b[31m  \u001b[1m● \u001b[22m\u001b[1mRLN Deny List and Premium Gas › [DENY_006] After premium recovery and new epoch, user can send gasless again\u001b[39m\u001b[22m\n\n    wait for transaction timeout (code=TIMEOUT, version=6.13.7)\n\u001b[2m\u001b[22m\n\u001b[2m      \u001b[2mat makeError (\u001b[22m\u001b[2m../node_modules/.pnpm/ethers@6.13.7_bufferutil@4.0.8_utf-8-validate@5.0.10/node_modules/ethers/src.ts/utils/errors.ts\u001b[2m:694:21)\u001b[22m\u001b[2m\u001b[22m\n\u001b[2m      \u001b[2mat Timeout.<anonymous> (\u001b[22m\u001b[2m../node_modules/.pnpm/ethers@6.13.7_bufferutil@4.0.8_utf-8-validate@5.0.10/node_modules/ethers/src.ts/providers/provider.ts\u001b[2m:1625:37)\u001b[22m\u001b[2m\u001b[22m\n\n\u001b[1m\u001b[31m  \u001b[1m● \u001b[22m\u001b[1mRLN Deny List and Premium Gas › [DENY_007] Multiple users can be on deny list simultaneously\u001b[39m\u001b[22m\n\n    wait for transaction timeout (code=TIMEOUT, version=6.13.7)\n\u001b[2m\u001b[22m\n\u001b[2m      \u001b[2mat makeError (\u001b[22m\u001b[2m../node_modules/.pnpm/ethers@6.13.7_bufferutil@4.0.8_utf-8-validate@5.0.10/node_modules/ethers/src.ts/utils/errors.ts\u001b[2m:694:21)\u001b[22m\u001b[2m\u001b[22m\n\u001b[2m      \u001b[2mat Timeout.<anonymous> (\u001b[22m\u001b[2m../node_modules/.pnpm/ethers@6.13.7_bufferutil@4.0.8_utf-8-validate@5.0.10/node_modules/ethers/src.ts/providers/provider.ts\u001b[2m:1625:37)\u001b[22m\u001b[2m\u001b[22m\n\n\u001b[1m\u001b[31m  \u001b[1m● \u001b[22m\u001b[1mRLN Deny List and Premium Gas › [DENY_008] Deny list state is consistent across checks\u001b[39m\u001b[22m\n\n    wait for transaction timeout (code=TIMEOUT, version=6.13.7)\n\u001b[2m\u001b[22m\n\u001b[2m      \u001b[2mat makeError (\u001b[22m\u001b[2m../node_modules/.pnpm/ethers@6.13.7_bufferutil@4.0.8_utf-8-validate@5.0.10/node_modules/ethers/src.ts/utils/errors.ts\u001b[2m:694:21)\u001b[22m\u001b[2m\u001b[22m\n\u001b[2m      \u001b[2mat Timeout.<anonymous> (\u001b[22m\u001b[2m../node_modules/.pnpm/ethers@6.13.7_bufferutil@4.0.8_utf-8-validate@5.0.10/node_modules/ethers/src.ts/providers/provider.ts\u001b[2m:1625:37)\u001b[22m\u001b[2m\u001b[22m\n\n\u001b[1m\u001b[31m  \u001b[1m● \u001b[22m\u001b[1mRLN Deny List and Premium Gas › [DENY_009] Concurrent deny list additions are safe\u001b[39m\u001b[22m\n\n    wait for transaction timeout (code=TIMEOUT, version=6.13.7)\n\u001b[2m\u001b[22m\n\u001b[2m      \u001b[2mat makeError (\u001b[22m\u001b[2m../node_modules/.pnpm/ethers@6.13.7_bufferutil@4.0.8_utf-8-validate@5.0.10/node_modules/ethers/src.ts/utils/errors.ts\u001b[2m:694:21)\u001b[22m\u001b[2m\u001b[22m\n\u001b[2m      \u001b[2mat Timeout.<anonymous> (\u001b[22m\u001b[2m../node_modules/.pnpm/ethers@6.13.7_bufferutil@4.0.8_utf-8-validate@5.0.10/node_modules/ethers/src.ts/providers/provider.ts\u001b[2m:1625:37)\u001b[22m\u001b[2m\u001b[22m\n\n\u001b[1m\u001b[31m  \u001b[1m● \u001b[22m\u001b[1mRLN Deny List and Premium Gas › [PREM_001] Transaction with gasPrice >= 10 Gwei bypasses RLN\u001b[39m\u001b[22m\n\n    wait for transaction timeout (code=TIMEOUT, version=6.13.7)\n\u001b[2m\u001b[22m\n\u001b[2m      \u001b[2mat makeError (\u001b[22m\u001b[2m../node_modules/.pnpm/ethers@6.13.7_bufferutil@4.0.8_utf-8-validate@5.0.10/node_modules/ethers/src.ts/utils/errors.ts\u001b[2m:694:21)\u001b[22m\u001b[2m\u001b[22m\n\u001b[2m      \u001b[2mat Timeout.<anonymous> (\u001b[22m\u001b[2m../node_modules/.pnpm/ethers@6.13.7_bufferutil@4.0.8_utf-8-validate@5.0.10/node_modules/ethers/src.ts/providers/provider.ts\u001b[2m:1625:37)\u001b[22m\u001b[2m\u001b[22m\n\n\u001b[1m\u001b[31m  \u001b[1m● \u001b[22m\u001b[1mRLN Deny List and Premium Gas › [PREM_002] Transaction with gasPrice < 10 Gwei requires RLN\u001b[39m\u001b[22m\n\n    wait for transaction timeout (code=TIMEOUT, version=6.13.7)\n\u001b[2m\u001b[22m\n\u001b[2m      \u001b[2mat makeError (\u001b[22m\u001b[2m../node_modules/.pnpm/ethers@6.13.7_bufferutil@4.0.8_utf-8-validate@5.0.10/node_modules/ethers/src.ts/utils/errors.ts\u001b[2m:694:21)\u001b[22m\u001b[2m\u001b[22m\n\u001b[2m      \u001b[2mat Timeout.<anonymous> (\u001b[22m\u001b[2m../node_modules/.pnpm/ethers@6.13.7_bufferutil@4.0.8_utf-8-validate@5.0.10/node_modules/ethers/src.ts/providers/provider.ts\u001b[2m:1625:37)\u001b[22m\u001b[2m\u001b[22m\n\n\u001b[1m\u001b[31m  \u001b[1m● \u001b[22m\u001b[1mRLN Deny List and Premium Gas › [PREM_003] Exactly threshold (10 Gwei) bypasses RLN\u001b[39m\u001b[22m\n\n    wait for transaction timeout (code=TIMEOUT, version=6.13.7)\n\u001b[2m\u001b[22m\n\u001b[2m      \u001b[2mat makeError (\u001b[22m\u001b[2m../node_modules/.pnpm/ethers@6.13.7_bufferutil@4.0.8_utf-8-validate@5.0.10/node_modules/ethers/src.ts/utils/errors.ts\u001b[2m:694:21)\u001b[22m\u001b[2m\u001b[22m\n\u001b[2m      \u001b[2mat Timeout.<anonymous> (\u001b[22m\u001b[2m../node_modules/.pnpm/ethers@6.13.7_bufferutil@4.0.8_utf-8-validate@5.0.10/node_modules/ethers/src.ts/providers/provider.ts\u001b[2m:1625:37)\u001b[22m\u001b[2m\u001b[22m\n\n\u001b[1m\u001b[31m  \u001b[1m● \u001b[22m\u001b[1mRLN Deny List and Premium Gas › [PREM_004] Premium gas works even without Karma registration\u001b[39m\u001b[22m\n\n    wait for transaction timeout (code=TIMEOUT, version=6.13.7)\n\u001b[2m\u001b[22m\n\u001b[2m      \u001b[2mat makeError (\u001b[22m\u001b[2m../node_modules/.pnpm/ethers@6.13.7_bufferutil@4.0.8_utf-8-validate@5.0.10/node_modules/ethers/src.ts/utils/errors.ts\u001b[2m:694:21)\u001b[22m\u001b[2m\u001b[22m\n\u001b[2m      \u001b[2mat Timeout.<anonymous> (\u001b[22m\u001b[2m../node_modules/.pnpm/ethers@6.13.7_bufferutil@4.0.8_utf-8-validate@5.0.10/node_modules/ethers/src.ts/providers/provider.ts\u001b[2m:1625:37)\u001b[22m\u001b[2m\u001b[22m\n\n\u001b[1m\u001b[31m  \u001b[1m● \u001b[22m\u001b[1mRLN Deny List and Premium Gas › [PREM_005] Premium gas transaction from unfunded wallet fails\u001b[39m\u001b[22m\n\n    wait for transaction timeout (code=TIMEOUT, version=6.13.7)\n\u001b[2m\u001b[22m\n\u001b[2m      \u001b[2mat makeError (\u001b[22m\u001b[2m../node_modules/.pnpm/ethers@6.13.7_bufferutil@4.0.8_utf-8-validate@5.0.10/node_modules/ethers/src.ts/utils/errors.ts\u001b[2m:694:21)\u001b[22m\u001b[2m\u001b[22m\n\u001b[2m      \u001b[2mat Timeout.<anonymous> (\u001b[22m\u001b[2m../node_modules/.pnpm/ethers@6.13.7_bufferutil@4.0.8_utf-8-validate@5.0.10/node_modules/ethers/src.ts/providers/provider.ts\u001b[2m:1625:37)\u001b[22m\u001b[2m\u001b[22m\n\n\u001b[1m\u001b[31m  \u001b[1m● \u001b[22m\u001b[1mRLN Deny List and Premium Gas › [PREM_006] Gas estimate shows premium multiplier for denied users\u001b[39m\u001b[22m\n\n    wait for transaction timeout (code=TIMEOUT, version=6.13.7)\n\u001b[2m\u001b[22m\n\u001b[2m      \u001b[2mat makeError (\u001b[22m\u001b[2m../node_modules/.pnpm/ethers@6.13.7_bufferutil@4.0.8_utf-8-validate@5.0.10/node_modules/ethers/src.ts/utils/errors.ts\u001b[2m:694:21)\u001b[22m\u001b[2m\u001b[22m\n\u001b[2m      \u001b[2mat Timeout.<anonymous> (\u001b[22m\u001b[2m../node_modules/.pnpm/ethers@6.13.7_bufferutil@4.0.8_utf-8-validate@5.0.10/node_modules/ethers/src.ts/providers/provider.ts\u001b[2m:1625:37)\u001b[22m\u001b[2m\u001b[22m\n","name":"/Users/nadeem/dev/status/testing/status-network-monorepo/e2e/src/rln-gasless/deny-list-and-premium-gas.spec.ts","startTime":1768564263098,"status":"failed","summary":""},{"assertionResults":[{"ancestorTitles":["RLN Integration and Error Handling"],"duration":1,"failureDetails":[{"code":"TIMEOUT","shortMessage":"wait for transaction timeout"}],"failureMessages":["Error: wait for transaction timeout (code=TIMEOUT, version=6.13.7)\n    at makeError (/Users/nadeem/dev/status/testing/status-network-monorepo/node_modules/.pnpm/ethers@6.13.7_bufferutil@4.0.8_utf-8-validate@5.0.10/node_modules/ethers/src.ts/utils/errors.ts:694:21)\n    at Timeout.<anonymous> (/Users/nadeem/dev/status/testing/status-network-monorepo/node_modules/.pnpm/ethers@6.13.7_bufferutil@4.0.8_utf-8-validate@5.0.10/node_modules/ethers/src.ts/providers/provider.ts:1625:37)\n    at listOnTimeout (node:internal/timers:588:17)\n    at processTimers (node:internal/timers:523:7)"],"fullName":"RLN Integration and Error Handling [INT_001] Complete lifecycle: Register → Gasless → Exhaust → Deny → Premium → Recovery","invocations":1,"location":null,"numPassingAsserts":0,"retryReasons":[],"status":"failed","title":"[INT_001] Complete lifecycle: Register → Gasless → Exhaust → Deny → Premium → Recovery"},{"ancestorTitles":["RLN Integration and Error Handling"],"duration":0,"failureDetails":[{"code":"TIMEOUT","shortMessage":"wait for transaction timeout"}],"failureMessages":["Error: wait for transaction timeout (code=TIMEOUT, version=6.13.7)\n    at makeError (/Users/nadeem/dev/status/testing/status-network-monorepo/node_modules/.pnpm/ethers@6.13.7_bufferutil@4.0.8_utf-8-validate@5.0.10/node_modules/ethers/src.ts/utils/errors.ts:694:21)\n    at Timeout.<anonymous> (/Users/nadeem/dev/status/testing/status-network-monorepo/node_modules/.pnpm/ethers@6.13.7_bufferutil@4.0.8_utf-8-validate@5.0.10/node_modules/ethers/src.ts/providers/provider.ts:1625:37)\n    at listOnTimeout (node:internal/timers:588:17)\n    at processTimers (node:internal/timers:523:7)"],"fullName":"RLN Integration and Error Handling [INT_002] Multiple users with different tiers operating simultaneously","invocations":1,"location":null,"numPassingAsserts":0,"retryReasons":[],"status":"failed","title":"[INT_002] Multiple users with different tiers operating simultaneously"},{"ancestorTitles":["RLN Integration and Error Handling"],"duration":0,"failureDetails":[{"code":"TIMEOUT","shortMessage":"wait for transaction timeout"}],"failureMessages":["Error: wait for transaction timeout (code=TIMEOUT, version=6.13.7)\n    at makeError (/Users/nadeem/dev/status/testing/status-network-monorepo/node_modules/.pnpm/ethers@6.13.7_bufferutil@4.0.8_utf-8-validate@5.0.10/node_modules/ethers/src.ts/utils/errors.ts:694:21)\n    at Timeout.<anonymous> (/Users/nadeem/dev/status/testing/status-network-monorepo/node_modules/.pnpm/ethers@6.13.7_bufferutil@4.0.8_utf-8-validate@5.0.10/node_modules/ethers/src.ts/providers/provider.ts:1625:37)\n    at listOnTimeout (node:internal/timers:588:17)\n    at processTimers (node:internal/timers:523:7)"],"fullName":"RLN Integration and Error Handling [INT_003] Rapid sequential transactions handled correctly","invocations":1,"location":null,"numPassingAsserts":0,"retryReasons":[],"status":"failed","title":"[INT_003] Rapid sequential transactions handled correctly"},{"ancestorTitles":["RLN Integration and Error Handling"],"duration":0,"failureDetails":[{"code":"TIMEOUT","shortMessage":"wait for transaction timeout"}],"failureMessages":["Error: wait for transaction timeout (code=TIMEOUT, version=6.13.7)\n    at makeError (/Users/nadeem/dev/status/testing/status-network-monorepo/node_modules/.pnpm/ethers@6.13.7_bufferutil@4.0.8_utf-8-validate@5.0.10/node_modules/ethers/src.ts/utils/errors.ts:694:21)\n    at Timeout.<anonymous> (/Users/nadeem/dev/status/testing/status-network-monorepo/node_modules/.pnpm/ethers@6.13.7_bufferutil@4.0.8_utf-8-validate@5.0.10/node_modules/ethers/src.ts/providers/provider.ts:1625:37)\n    at listOnTimeout (node:internal/timers:588:17)\n    at processTimers (node:internal/timers:523:7)"],"fullName":"RLN Integration and Error Handling [INT_004] Epoch transition with active users handled gracefully","invocations":1,"location":null,"numPassingAsserts":0,"retryReasons":[],"status":"failed","title":"[INT_004] Epoch transition with active users handled gracefully"},{"ancestorTitles":["RLN Integration and Error Handling"],"duration":0,"failureDetails":[{"code":"TIMEOUT","shortMessage":"wait for transaction timeout"}],"failureMessages":["Error: wait for transaction timeout (code=TIMEOUT, version=6.13.7)\n    at makeError (/Users/nadeem/dev/status/testing/status-network-monorepo/node_modules/.pnpm/ethers@6.13.7_bufferutil@4.0.8_utf-8-validate@5.0.10/node_modules/ethers/src.ts/utils/errors.ts:694:21)\n    at Timeout.<anonymous> (/Users/nadeem/dev/status/testing/status-network-monorepo/node_modules/.pnpm/ethers@6.13.7_bufferutil@4.0.8_utf-8-validate@5.0.10/node_modules/ethers/src.ts/providers/provider.ts:1625:37)\n    at listOnTimeout (node:internal/timers:588:17)\n    at processTimers (node:internal/timers:523:7)"],"fullName":"RLN Integration and Error Handling [INT_005] Concurrent transactions don't corrupt state","invocations":1,"location":null,"numPassingAsserts":0,"retryReasons":[],"status":"failed","title":"[INT_005] Concurrent transactions don't corrupt state"},{"ancestorTitles":["RLN Integration and Error Handling"],"duration":0,"failureDetails":[{"code":"TIMEOUT","shortMessage":"wait for transaction timeout"}],"failureMessages":["Error: wait for transaction timeout (code=TIMEOUT, version=6.13.7)\n    at makeError (/Users/nadeem/dev/status/testing/status-network-monorepo/node_modules/.pnpm/ethers@6.13.7_bufferutil@4.0.8_utf-8-validate@5.0.10/node_modules/ethers/src.ts/utils/errors.ts:694:21)\n    at Timeout.<anonymous> (/Users/nadeem/dev/status/testing/status-network-monorepo/node_modules/.pnpm/ethers@6.13.7_bufferutil@4.0.8_utf-8-validate@5.0.10/node_modules/ethers/src.ts/providers/provider.ts:1625:37)\n    at listOnTimeout (node:internal/timers:588:17)\n    at processTimers (node:internal/timers:523:7)"],"fullName":"RLN Integration and Error Handling [INT_006] High volume user quota tracking","invocations":1,"location":null,"numPassingAsserts":0,"retryReasons":[],"status":"failed","title":"[INT_006] High volume user quota tracking"},{"ancestorTitles":["RLN Integration and Error Handling"],"duration":0,"failureDetails":[{"code":"TIMEOUT","shortMessage":"wait for transaction timeout"}],"failureMessages":["Error: wait for transaction timeout (code=TIMEOUT, version=6.13.7)\n    at makeError (/Users/nadeem/dev/status/testing/status-network-monorepo/node_modules/.pnpm/ethers@6.13.7_bufferutil@4.0.8_utf-8-validate@5.0.10/node_modules/ethers/src.ts/utils/errors.ts:694:21)\n    at Timeout.<anonymous> (/Users/nadeem/dev/status/testing/status-network-monorepo/node_modules/.pnpm/ethers@6.13.7_bufferutil@4.0.8_utf-8-validate@5.0.10/node_modules/ethers/src.ts/providers/provider.ts:1625:37)\n    at listOnTimeout (node:internal/timers:588:17)\n    at processTimers (node:internal/timers:523:7)"],"fullName":"RLN Integration and Error Handling [ERR_001] Karma service unavailable handled gracefully","invocations":1,"location":null,"numPassingAsserts":0,"retryReasons":[],"status":"failed","title":"[ERR_001] Karma service unavailable handled gracefully"},{"ancestorTitles":["RLN Integration and Error Handling"],"duration":0,"failureDetails":[{"code":"TIMEOUT","shortMessage":"wait for transaction timeout"}],"failureMessages":["Error: wait for transaction timeout (code=TIMEOUT, version=6.13.7)\n    at makeError (/Users/nadeem/dev/status/testing/status-network-monorepo/node_modules/.pnpm/ethers@6.13.7_bufferutil@4.0.8_utf-8-validate@5.0.10/node_modules/ethers/src.ts/utils/errors.ts:694:21)\n    at Timeout.<anonymous> (/Users/nadeem/dev/status/testing/status-network-monorepo/node_modules/.pnpm/ethers@6.13.7_bufferutil@4.0.8_utf-8-validate@5.0.10/node_modules/ethers/src.ts/providers/provider.ts:1625:37)\n    at listOnTimeout (node:internal/timers:588:17)\n    at processTimers (node:internal/timers:523:7)"],"fullName":"RLN Integration and Error Handling [ERR_002] RLN prover unavailable timeout handling","invocations":1,"location":null,"numPassingAsserts":0,"retryReasons":[],"status":"failed","title":"[ERR_002] RLN prover unavailable timeout handling"},{"ancestorTitles":["RLN Integration and Error Handling"],"duration":0,"failureDetails":[{"code":"TIMEOUT","shortMessage":"wait for transaction timeout"}],"failureMessages":["Error: wait for transaction timeout (code=TIMEOUT, version=6.13.7)\n    at makeError (/Users/nadeem/dev/status/testing/status-network-monorepo/node_modules/.pnpm/ethers@6.13.7_bufferutil@4.0.8_utf-8-validate@5.0.10/node_modules/ethers/src.ts/utils/errors.ts:694:21)\n    at Timeout.<anonymous> (/Users/nadeem/dev/status/testing/status-network-monorepo/node_modules/.pnpm/ethers@6.13.7_bufferutil@4.0.8_utf-8-validate@5.0.10/node_modules/ethers/src.ts/providers/provider.ts:1625:37)\n    at listOnTimeout (node:internal/timers:588:17)\n    at processTimers (node:internal/timers:523:7)"],"fullName":"RLN Integration and Error Handling [ERR_003] Transaction with large data payload handled","invocations":1,"location":null,"numPassingAsserts":0,"retryReasons":[],"status":"failed","title":"[ERR_003] Transaction with large data payload handled"},{"ancestorTitles":["RLN Integration and Error Handling"],"duration":0,"failureDetails":[{"code":"TIMEOUT","shortMessage":"wait for transaction timeout"}],"failureMessages":["Error: wait for transaction timeout (code=TIMEOUT, version=6.13.7)\n    at makeError (/Users/nadeem/dev/status/testing/status-network-monorepo/node_modules/.pnpm/ethers@6.13.7_bufferutil@4.0.8_utf-8-validate@5.0.10/node_modules/ethers/src.ts/utils/errors.ts:694:21)\n    at Timeout.<anonymous> (/Users/nadeem/dev/status/testing/status-network-monorepo/node_modules/.pnpm/ethers@6.13.7_bufferutil@4.0.8_utf-8-validate@5.0.10/node_modules/ethers/src.ts/providers/provider.ts:1625:37)\n    at listOnTimeout (node:internal/timers:588:17)\n    at processTimers (node:internal/timers:523:7)"],"fullName":"RLN Integration and Error Handling [EDGE_001] Self-transfer gasless transaction allowed","invocations":1,"location":null,"numPassingAsserts":0,"retryReasons":[],"status":"failed","title":"[EDGE_001] Self-transfer gasless transaction allowed"},{"ancestorTitles":["RLN Integration and Error Handling"],"duration":0,"failureDetails":[{"code":"TIMEOUT","shortMessage":"wait for transaction timeout"}],"failureMessages":["Error: wait for transaction timeout (code=TIMEOUT, version=6.13.7)\n    at makeError (/Users/nadeem/dev/status/testing/status-network-monorepo/node_modules/.pnpm/ethers@6.13.7_bufferutil@4.0.8_utf-8-validate@5.0.10/node_modules/ethers/src.ts/utils/errors.ts:694:21)\n    at Timeout.<anonymous> (/Users/nadeem/dev/status/testing/status-network-monorepo/node_modules/.pnpm/ethers@6.13.7_bufferutil@4.0.8_utf-8-validate@5.0.10/node_modules/ethers/src.ts/providers/provider.ts:1625:37)\n    at listOnTimeout (node:internal/timers:588:17)\n    at processTimers (node:internal/timers:523:7)"],"fullName":"RLN Integration and Error Handling [EDGE_002] Empty data gasless transaction allowed","invocations":1,"location":null,"numPassingAsserts":0,"retryReasons":[],"status":"failed","title":"[EDGE_002] Empty data gasless transaction allowed"},{"ancestorTitles":["RLN Integration and Error Handling"],"duration":1,"failureDetails":[{"code":"TIMEOUT","shortMessage":"wait for transaction timeout"}],"failureMessages":["Error: wait for transaction timeout (code=TIMEOUT, version=6.13.7)\n    at makeError (/Users/nadeem/dev/status/testing/status-network-monorepo/node_modules/.pnpm/ethers@6.13.7_bufferutil@4.0.8_utf-8-validate@5.0.10/node_modules/ethers/src.ts/utils/errors.ts:694:21)\n    at Timeout.<anonymous> (/Users/nadeem/dev/status/testing/status-network-monorepo/node_modules/.pnpm/ethers@6.13.7_bufferutil@4.0.8_utf-8-validate@5.0.10/node_modules/ethers/src.ts/providers/provider.ts:1625:37)\n    at listOnTimeout (node:internal/timers:588:17)\n    at processTimers (node:internal/timers:523:7)"],"fullName":"RLN Integration and Error Handling [EDGE_003] Minimum gas limit transaction succeeds","invocations":1,"location":null,"numPassingAsserts":0,"retryReasons":[],"status":"failed","title":"[EDGE_003] Minimum gas limit transaction succeeds"},{"ancestorTitles":["RLN Integration and Error Handling"],"duration":0,"failureDetails":[{"code":"TIMEOUT","shortMessage":"wait for transaction timeout"}],"failureMessages":["Error: wait for transaction timeout (code=TIMEOUT, version=6.13.7)\n    at makeError (/Users/nadeem/dev/status/testing/status-network-monorepo/node_modules/.pnpm/ethers@6.13.7_bufferutil@4.0.8_utf-8-validate@5.0.10/node_modules/ethers/src.ts/utils/errors.ts:694:21)\n    at Timeout.<anonymous> (/Users/nadeem/dev/status/testing/status-network-monorepo/node_modules/.pnpm/ethers@6.13.7_bufferutil@4.0.8_utf-8-validate@5.0.10/node_modules/ethers/src.ts/providers/provider.ts:1625:37)\n    at listOnTimeout (node:internal/timers:588:17)\n    at processTimers (node:internal/timers:523:7)"],"fullName":"RLN Integration and Error Handling [EDGE_004] Rapid user creation and registration without conflicts","invocations":1,"location":null,"numPassingAsserts":0,"retryReasons":[],"status":"failed","title":"[EDGE_004] Rapid user creation and registration without conflicts"},{"ancestorTitles":["RLN Integration and Error Handling"],"duration":0,"failureDetails":[{"code":"TIMEOUT","shortMessage":"wait for transaction timeout"}],"failureMessages":["Error: wait for transaction timeout (code=TIMEOUT, version=6.13.7)\n    at makeError (/Users/nadeem/dev/status/testing/status-network-monorepo/node_modules/.pnpm/ethers@6.13.7_bufferutil@4.0.8_utf-8-validate@5.0.10/node_modules/ethers/src.ts/utils/errors.ts:694:21)\n    at Timeout.<anonymous> (/Users/nadeem/dev/status/testing/status-network-monorepo/node_modules/.pnpm/ethers@6.13.7_bufferutil@4.0.8_utf-8-validate@5.0.10/node_modules/ethers/src.ts/providers/provider.ts:1625:37)\n    at listOnTimeout (node:internal/timers:588:17)\n    at processTimers (node:internal/timers:523:7)"],"fullName":"RLN Integration and Error Handling [EDGE_005] Transaction to contract address allowed","invocations":1,"location":null,"numPassingAsserts":0,"retryReasons":[],"status":"failed","title":"[EDGE_005] Transaction to contract address allowed"}],"endTime":1768564348079,"message":"\u001b[1m\u001b[31m  \u001b[1m● \u001b[22m\u001b[1mRLN Integration and Error Handling › [INT_001] Complete lifecycle: Register → Gasless → Exhaust → Deny → Premium → Recovery\u001b[39m\u001b[22m\n\n    wait for transaction timeout (code=TIMEOUT, version=6.13.7)\n\u001b[2m\u001b[22m\n\u001b[2m      \u001b[2mat makeError (\u001b[22m\u001b[2m../node_modules/.pnpm/ethers@6.13.7_bufferutil@4.0.8_utf-8-validate@5.0.10/node_modules/ethers/src.ts/utils/errors.ts\u001b[2m:694:21)\u001b[22m\u001b[2m\u001b[22m\n\u001b[2m      \u001b[2mat Timeout.<anonymous> (\u001b[22m\u001b[2m../node_modules/.pnpm/ethers@6.13.7_bufferutil@4.0.8_utf-8-validate@5.0.10/node_modules/ethers/src.ts/providers/provider.ts\u001b[2m:1625:37)\u001b[22m\u001b[2m\u001b[22m\n\n\u001b[1m\u001b[31m  \u001b[1m● \u001b[22m\u001b[1mRLN Integration and Error Handling › [INT_002] Multiple users with different tiers operating simultaneously\u001b[39m\u001b[22m\n\n    wait for transaction timeout (code=TIMEOUT, version=6.13.7)\n\u001b[2m\u001b[22m\n\u001b[2m      \u001b[2mat makeError (\u001b[22m\u001b[2m../node_modules/.pnpm/ethers@6.13.7_bufferutil@4.0.8_utf-8-validate@5.0.10/node_modules/ethers/src.ts/utils/errors.ts\u001b[2m:694:21)\u001b[22m\u001b[2m\u001b[22m\n\u001b[2m      \u001b[2mat Timeout.<anonymous> (\u001b[22m\u001b[2m../node_modules/.pnpm/ethers@6.13.7_bufferutil@4.0.8_utf-8-validate@5.0.10/node_modules/ethers/src.ts/providers/provider.ts\u001b[2m:1625:37)\u001b[22m\u001b[2m\u001b[22m\n\n\u001b[1m\u001b[31m  \u001b[1m● \u001b[22m\u001b[1mRLN Integration and Error Handling › [INT_003] Rapid sequential transactions handled correctly\u001b[39m\u001b[22m\n\n    wait for transaction timeout (code=TIMEOUT, version=6.13.7)\n\u001b[2m\u001b[22m\n\u001b[2m      \u001b[2mat makeError (\u001b[22m\u001b[2m../node_modules/.pnpm/ethers@6.13.7_bufferutil@4.0.8_utf-8-validate@5.0.10/node_modules/ethers/src.ts/utils/errors.ts\u001b[2m:694:21)\u001b[22m\u001b[2m\u001b[22m\n\u001b[2m      \u001b[2mat Timeout.<anonymous> (\u001b[22m\u001b[2m../node_modules/.pnpm/ethers@6.13.7_bufferutil@4.0.8_utf-8-validate@5.0.10/node_modules/ethers/src.ts/providers/provider.ts\u001b[2m:1625:37)\u001b[22m\u001b[2m\u001b[22m\n\n\u001b[1m\u001b[31m  \u001b[1m● \u001b[22m\u001b[1mRLN Integration and Error Handling › [INT_004] Epoch transition with active users handled gracefully\u001b[39m\u001b[22m\n\n    wait for transaction timeout (code=TIMEOUT, version=6.13.7)\n\u001b[2m\u001b[22m\n\u001b[2m      \u001b[2mat makeError (\u001b[22m\u001b[2m../node_modules/.pnpm/ethers@6.13.7_bufferutil@4.0.8_utf-8-validate@5.0.10/node_modules/ethers/src.ts/utils/errors.ts\u001b[2m:694:21)\u001b[22m\u001b[2m\u001b[22m\n\u001b[2m      \u001b[2mat Timeout.<anonymous> (\u001b[22m\u001b[2m../node_modules/.pnpm/ethers@6.13.7_bufferutil@4.0.8_utf-8-validate@5.0.10/node_modules/ethers/src.ts/providers/provider.ts\u001b[2m:1625:37)\u001b[22m\u001b[2m\u001b[22m\n\n\u001b[1m\u001b[31m  \u001b[1m● \u001b[22m\u001b[1mRLN Integration and Error Handling › [INT_005] Concurrent transactions don't corrupt state\u001b[39m\u001b[22m\n\n    wait for transaction timeout (code=TIMEOUT, version=6.13.7)\n\u001b[2m\u001b[22m\n\u001b[2m      \u001b[2mat makeError (\u001b[22m\u001b[2m../node_modules/.pnpm/ethers@6.13.7_bufferutil@4.0.8_utf-8-validate@5.0.10/node_modules/ethers/src.ts/utils/errors.ts\u001b[2m:694:21)\u001b[22m\u001b[2m\u001b[22m\n\u001b[2m      \u001b[2mat Timeout.<anonymous> (\u001b[22m\u001b[2m../node_modules/.pnpm/ethers@6.13.7_bufferutil@4.0.8_utf-8-validate@5.0.10/node_modules/ethers/src.ts/providers/provider.ts\u001b[2m:1625:37)\u001b[22m\u001b[2m\u001b[22m\n\n\u001b[1m\u001b[31m  \u001b[1m● \u001b[22m\u001b[1mRLN Integration and Error Handling › [INT_006] High volume user quota tracking\u001b[39m\u001b[22m\n\n    wait for transaction timeout (code=TIMEOUT, version=6.13.7)\n\u001b[2m\u001b[22m\n\u001b[2m      \u001b[2mat makeError (\u001b[22m\u001b[2m../node_modules/.pnpm/ethers@6.13.7_bufferutil@4.0.8_utf-8-validate@5.0.10/node_modules/ethers/src.ts/utils/errors.ts\u001b[2m:694:21)\u001b[22m\u001b[2m\u001b[22m\n\u001b[2m      \u001b[2mat Timeout.<anonymous> (\u001b[22m\u001b[2m../node_modules/.pnpm/ethers@6.13.7_bufferutil@4.0.8_utf-8-validate@5.0.10/node_modules/ethers/src.ts/providers/provider.ts\u001b[2m:1625:37)\u001b[22m\u001b[2m\u001b[22m\n\n\u001b[1m\u001b[31m  \u001b[1m● \u001b[22m\u001b[1mRLN Integration and Error Handling › [ERR_001] Karma service unavailable handled gracefully\u001b[39m\u001b[22m\n\n    wait for transaction timeout (code=TIMEOUT, version=6.13.7)\n\u001b[2m\u001b[22m\n\u001b[2m      \u001b[2mat makeError (\u001b[22m\u001b[2m../node_modules/.pnpm/ethers@6.13.7_bufferutil@4.0.8_utf-8-validate@5.0.10/node_modules/ethers/src.ts/utils/errors.ts\u001b[2m:694:21)\u001b[22m\u001b[2m\u001b[22m\n\u001b[2m      \u001b[2mat Timeout.<anonymous> (\u001b[22m\u001b[2m../node_modules/.pnpm/ethers@6.13.7_bufferutil@4.0.8_utf-8-validate@5.0.10/node_modules/ethers/src.ts/providers/provider.ts\u001b[2m:1625:37)\u001b[22m\u001b[2m\u001b[22m\n\n\u001b[1m\u001b[31m  \u001b[1m● \u001b[22m\u001b[1mRLN Integration and Error Handling › [ERR_002] RLN prover unavailable timeout handling\u001b[39m\u001b[22m\n\n    wait for transaction timeout (code=TIMEOUT, version=6.13.7)\n\u001b[2m\u001b[22m\n\u001b[2m      \u001b[2mat makeError (\u001b[22m\u001b[2m../node_modules/.pnpm/ethers@6.13.7_bufferutil@4.0.8_utf-8-validate@5.0.10/node_modules/ethers/src.ts/utils/errors.ts\u001b[2m:694:21)\u001b[22m\u001b[2m\u001b[22m\n\u001b[2m      \u001b[2mat Timeout.<anonymous> (\u001b[22m\u001b[2m../node_modules/.pnpm/ethers@6.13.7_bufferutil@4.0.8_utf-8-validate@5.0.10/node_modules/ethers/src.ts/providers/provider.ts\u001b[2m:1625:37)\u001b[22m\u001b[2m\u001b[22m\n\n\u001b[1m\u001b[31m  \u001b[1m● \u001b[22m\u001b[1mRLN Integration and Error Handling › [ERR_003] Transaction with large data payload handled\u001b[39m\u001b[22m\n\n    wait for transaction timeout (code=TIMEOUT, version=6.13.7)\n\u001b[2m\u001b[22m\n\u001b[2m      \u001b[2mat makeError (\u001b[22m\u001b[2m../node_modules/.pnpm/ethers@6.13.7_bufferutil@4.0.8_utf-8-validate@5.0.10/node_modules/ethers/src.ts/utils/errors.ts\u001b[2m:694:21)\u001b[22m\u001b[2m\u001b[22m\n\u001b[2m      \u001b[2mat Timeout.<anonymous> (\u001b[22m\u001b[2m../node_modules/.pnpm/ethers@6.13.7_bufferutil@4.0.8_utf-8-validate@5.0.10/node_modules/ethers/src.ts/providers/provider.ts\u001b[2m:1625:37)\u001b[22m\u001b[2m\u001b[22m\n\n\u001b[1m\u001b[31m  \u001b[1m● \u001b[22m\u001b[1mRLN Integration and Error Handling › [EDGE_001] Self-transfer gasless transaction allowed\u001b[39m\u001b[22m\n\n    wait for transaction timeout (code=TIMEOUT, version=6.13.7)\n\u001b[2m\u001b[22m\n\u001b[2m      \u001b[2mat makeError (\u001b[22m\u001b[2m../node_modules/.pnpm/ethers@6.13.7_bufferutil@4.0.8_utf-8-validate@5.0.10/node_modules/ethers/src.ts/utils/errors.ts\u001b[2m:694:21)\u001b[22m\u001b[2m\u001b[22m\n\u001b[2m      \u001b[2mat Timeout.<anonymous> (\u001b[22m\u001b[2m../node_modules/.pnpm/ethers@6.13.7_bufferutil@4.0.8_utf-8-validate@5.0.10/node_modules/ethers/src.ts/providers/provider.ts\u001b[2m:1625:37)\u001b[22m\u001b[2m\u001b[22m\n\n\u001b[1m\u001b[31m  \u001b[1m● \u001b[22m\u001b[1mRLN Integration and Error Handling › [EDGE_002] Empty data gasless transaction allowed\u001b[39m\u001b[22m\n\n    wait for transaction timeout (code=TIMEOUT, version=6.13.7)\n\u001b[2m\u001b[22m\n\u001b[2m      \u001b[2mat makeError (\u001b[22m\u001b[2m../node_modules/.pnpm/ethers@6.13.7_bufferutil@4.0.8_utf-8-validate@5.0.10/node_modules/ethers/src.ts/utils/errors.ts\u001b[2m:694:21)\u001b[22m\u001b[2m\u001b[22m\n\u001b[2m      \u001b[2mat Timeout.<anonymous> (\u001b[22m\u001b[2m../node_modules/.pnpm/ethers@6.13.7_bufferutil@4.0.8_utf-8-validate@5.0.10/node_modules/ethers/src.ts/providers/provider.ts\u001b[2m:1625:37)\u001b[22m\u001b[2m\u001b[22m\n\n\u001b[1m\u001b[31m  \u001b[1m● \u001b[22m\u001b[1mRLN Integration and Error Handling › [EDGE_003] Minimum gas limit transaction succeeds\u001b[39m\u001b[22m\n\n    wait for transaction timeout (code=TIMEOUT, version=6.13.7)\n\u001b[2m\u001b[22m\n\u001b[2m      \u001b[2mat makeError (\u001b[22m\u001b[2m../node_modules/.pnpm/ethers@6.13.7_bufferutil@4.0.8_utf-8-validate@5.0.10/node_modules/ethers/src.ts/utils/errors.ts\u001b[2m:694:21)\u001b[22m\u001b[2m\u001b[22m\n\u001b[2m      \u001b[2mat Timeout.<anonymous> (\u001b[22m\u001b[2m../node_modules/.pnpm/ethers@6.13.7_bufferutil@4.0.8_utf-8-validate@5.0.10/node_modules/ethers/src.ts/providers/provider.ts\u001b[2m:1625:37)\u001b[22m\u001b[2m\u001b[22m\n\n\u001b[1m\u001b[31m  \u001b[1m● \u001b[22m\u001b[1mRLN Integration and Error Handling › [EDGE_004] Rapid user creation and registration without conflicts\u001b[39m\u001b[22m\n\n    wait for transaction timeout (code=TIMEOUT, version=6.13.7)\n\u001b[2m\u001b[22m\n\u001b[2m      \u001b[2mat makeError (\u001b[22m\u001b[2m../node_modules/.pnpm/ethers@6.13.7_bufferutil@4.0.8_utf-8-validate@5.0.10/node_modules/ethers/src.ts/utils/errors.ts\u001b[2m:694:21)\u001b[22m\u001b[2m\u001b[22m\n\u001b[2m      \u001b[2mat Timeout.<anonymous> (\u001b[22m\u001b[2m../node_modules/.pnpm/ethers@6.13.7_bufferutil@4.0.8_utf-8-validate@5.0.10/node_modules/ethers/src.ts/providers/provider.ts\u001b[2m:1625:37)\u001b[22m\u001b[2m\u001b[22m\n\n\u001b[1m\u001b[31m  \u001b[1m● \u001b[22m\u001b[1mRLN Integration and Error Handling › [EDGE_005] Transaction to contract address allowed\u001b[39m\u001b[22m\n\n    wait for transaction timeout (code=TIMEOUT, version=6.13.7)\n\u001b[2m\u001b[22m\n\u001b[2m      \u001b[2mat makeError (\u001b[22m\u001b[2m../node_modules/.pnpm/ethers@6.13.7_bufferutil@4.0.8_utf-8-validate@5.0.10/node_modules/ethers/src.ts/utils/errors.ts\u001b[2m:694:21)\u001b[22m\u001b[2m\u001b[22m\n\u001b[2m      \u001b[2mat Timeout.<anonymous> (\u001b[22m\u001b[2m../node_modules/.pnpm/ethers@6.13.7_bufferutil@4.0.8_utf-8-validate@5.0.10/node_modules/ethers/src.ts/providers/provider.ts\u001b[2m:1625:37)\u001b[22m\u001b[2m\u001b[22m\n","name":"/Users/nadeem/dev/status/testing/status-network-monorepo/e2e/src/rln-gasless/integration-and-errors.spec.ts","startTime":1768564329874,"status":"failed","summary":""},{"assertionResults":[{"ancestorTitles":["RLN Gasless Transactions"],"duration":5,"failureDetails":[{"code":"TIMEOUT","shortMessage":"wait for transaction timeout"}],"failureMessages":["Error: wait for transaction timeout (code=TIMEOUT, version=6.13.7)\n    at makeError (/Users/nadeem/dev/status/testing/status-network-monorepo/node_modules/.pnpm/ethers@6.13.7_bufferutil@4.0.8_utf-8-validate@5.0.10/node_modules/ethers/src.ts/utils/errors.ts:694:21)\n    at Timeout.<anonymous> (/Users/nadeem/dev/status/testing/status-network-monorepo/node_modules/.pnpm/ethers@6.13.7_bufferutil@4.0.8_utf-8-validate@5.0.10/node_modules/ethers/src.ts/providers/provider.ts:1625:37)\n    at listOnTimeout (node:internal/timers:588:17)\n    at processTimers (node:internal/timers:523:7)"],"fullName":"RLN Gasless Transactions [GAS_001] Entry tier user can send exactly 2 gasless transactions","invocations":1,"location":null,"numPassingAsserts":0,"retryReasons":[],"status":"failed","title":"[GAS_001] Entry tier user can send exactly 2 gasless transactions"},{"ancestorTitles":["RLN Gasless Transactions"],"duration":0,"failureDetails":[{"code":"TIMEOUT","shortMessage":"wait for transaction timeout"}],"failureMessages":["Error: wait for transaction timeout (code=TIMEOUT, version=6.13.7)\n    at makeError (/Users/nadeem/dev/status/testing/status-network-monorepo/node_modules/.pnpm/ethers@6.13.7_bufferutil@4.0.8_utf-8-validate@5.0.10/node_modules/ethers/src.ts/utils/errors.ts:694:21)\n    at Timeout.<anonymous> (/Users/nadeem/dev/status/testing/status-network-monorepo/node_modules/.pnpm/ethers@6.13.7_bufferutil@4.0.8_utf-8-validate@5.0.10/node_modules/ethers/src.ts/providers/provider.ts:1625:37)\n    at listOnTimeout (node:internal/timers:588:17)\n    at processTimers (node:internal/timers:523:7)"],"fullName":"RLN Gasless Transactions [GAS_002] Entry tier user gets rejected on 3rd transaction (quota exceeded)","invocations":1,"location":null,"numPassingAsserts":0,"retryReasons":[],"status":"failed","title":"[GAS_002] Entry tier user gets rejected on 3rd transaction (quota exceeded)"},{"ancestorTitles":["RLN Gasless Transactions"],"duration":0,"failureDetails":[{"code":"TIMEOUT","shortMessage":"wait for transaction timeout"}],"failureMessages":["Error: wait for transaction timeout (code=TIMEOUT, version=6.13.7)\n    at makeError (/Users/nadeem/dev/status/testing/status-network-monorepo/node_modules/.pnpm/ethers@6.13.7_bufferutil@4.0.8_utf-8-validate@5.0.10/node_modules/ethers/src.ts/utils/errors.ts:694:21)\n    at Timeout.<anonymous> (/Users/nadeem/dev/status/testing/status-network-monorepo/node_modules/.pnpm/ethers@6.13.7_bufferutil@4.0.8_utf-8-validate@5.0.10/node_modules/ethers/src.ts/providers/provider.ts:1625:37)\n    at listOnTimeout (node:internal/timers:588:17)\n    at processTimers (node:internal/timers:523:7)"],"fullName":"RLN Gasless Transactions [GAS_003] User exceeding quota is added to deny list","invocations":1,"location":null,"numPassingAsserts":0,"retryReasons":[],"status":"failed","title":"[GAS_003] User exceeding quota is added to deny list"},{"ancestorTitles":["RLN Gasless Transactions"],"duration":1,"failureDetails":[{"code":"TIMEOUT","shortMessage":"wait for transaction timeout"}],"failureMessages":["Error: wait for transaction timeout (code=TIMEOUT, version=6.13.7)\n    at makeError (/Users/nadeem/dev/status/testing/status-network-monorepo/node_modules/.pnpm/ethers@6.13.7_bufferutil@4.0.8_utf-8-validate@5.0.10/node_modules/ethers/src.ts/utils/errors.ts:694:21)\n    at Timeout.<anonymous> (/Users/nadeem/dev/status/testing/status-network-monorepo/node_modules/.pnpm/ethers@6.13.7_bufferutil@4.0.8_utf-8-validate@5.0.10/node_modules/ethers/src.ts/providers/provider.ts:1625:37)\n    at listOnTimeout (node:internal/timers:588:17)\n    at processTimers (node:internal/timers:523:7)"],"fullName":"RLN Gasless Transactions [GAS_004] Non-Karma user cannot send gasless transactions","invocations":1,"location":null,"numPassingAsserts":0,"retryReasons":[],"status":"failed","title":"[GAS_004] Non-Karma user cannot send gasless transactions"},{"ancestorTitles":["RLN Gasless Transactions"],"duration":0,"failureDetails":[{"code":"TIMEOUT","shortMessage":"wait for transaction timeout"}],"failureMessages":["Error: wait for transaction timeout (code=TIMEOUT, version=6.13.7)\n    at makeError (/Users/nadeem/dev/status/testing/status-network-monorepo/node_modules/.pnpm/ethers@6.13.7_bufferutil@4.0.8_utf-8-validate@5.0.10/node_modules/ethers/src.ts/utils/errors.ts:694:21)\n    at Timeout.<anonymous> (/Users/nadeem/dev/status/testing/status-network-monorepo/node_modules/.pnpm/ethers@6.13.7_bufferutil@4.0.8_utf-8-validate@5.0.10/node_modules/ethers/src.ts/providers/provider.ts:1625:37)\n    at listOnTimeout (node:internal/timers:588:17)\n    at processTimers (node:internal/timers:523:7)"],"fullName":"RLN Gasless Transactions [GAS_005] Basic tier user can send 16 gasless transactions","invocations":1,"location":null,"numPassingAsserts":0,"retryReasons":[],"status":"failed","title":"[GAS_005] Basic tier user can send 16 gasless transactions"},{"ancestorTitles":["RLN Gasless Transactions"],"duration":0,"failureDetails":[{"code":"TIMEOUT","shortMessage":"wait for transaction timeout"}],"failureMessages":["Error: wait for transaction timeout (code=TIMEOUT, version=6.13.7)\n    at makeError (/Users/nadeem/dev/status/testing/status-network-monorepo/node_modules/.pnpm/ethers@6.13.7_bufferutil@4.0.8_utf-8-validate@5.0.10/node_modules/ethers/src.ts/utils/errors.ts:694:21)\n    at Timeout.<anonymous> (/Users/nadeem/dev/status/testing/status-network-monorepo/node_modules/.pnpm/ethers@6.13.7_bufferutil@4.0.8_utf-8-validate@5.0.10/node_modules/ethers/src.ts/providers/provider.ts:1625:37)\n    at listOnTimeout (node:internal/timers:588:17)\n    at processTimers (node:internal/timers:523:7)"],"fullName":"RLN Gasless Transactions [GAS_006] Quota resets after epoch boundary","invocations":1,"location":null,"numPassingAsserts":0,"retryReasons":[],"status":"failed","title":"[GAS_006] Quota resets after epoch boundary"},{"ancestorTitles":["RLN Gasless Transactions"],"duration":0,"failureDetails":[{"code":"TIMEOUT","shortMessage":"wait for transaction timeout"}],"failureMessages":["Error: wait for transaction timeout (code=TIMEOUT, version=6.13.7)\n    at makeError (/Users/nadeem/dev/status/testing/status-network-monorepo/node_modules/.pnpm/ethers@6.13.7_bufferutil@4.0.8_utf-8-validate@5.0.10/node_modules/ethers/src.ts/utils/errors.ts:694:21)\n    at Timeout.<anonymous> (/Users/nadeem/dev/status/testing/status-network-monorepo/node_modules/.pnpm/ethers@6.13.7_bufferutil@4.0.8_utf-8-validate@5.0.10/node_modules/ethers/src.ts/providers/provider.ts:1625:37)\n    at listOnTimeout (node:internal/timers:588:17)\n    at processTimers (node:internal/timers:523:7)"],"fullName":"RLN Gasless Transactions [GAS_007] Concurrent transactions maintain user quota isolation","invocations":1,"location":null,"numPassingAsserts":0,"retryReasons":[],"status":"failed","title":"[GAS_007] Concurrent transactions maintain user quota isolation"},{"ancestorTitles":["RLN Gasless Transactions"],"duration":0,"failureDetails":[{"code":"TIMEOUT","shortMessage":"wait for transaction timeout"}],"failureMessages":["Error: wait for transaction timeout (code=TIMEOUT, version=6.13.7)\n    at makeError (/Users/nadeem/dev/status/testing/status-network-monorepo/node_modules/.pnpm/ethers@6.13.7_bufferutil@4.0.8_utf-8-validate@5.0.10/node_modules/ethers/src.ts/utils/errors.ts:694:21)\n    at Timeout.<anonymous> (/Users/nadeem/dev/status/testing/status-network-monorepo/node_modules/.pnpm/ethers@6.13.7_bufferutil@4.0.8_utf-8-validate@5.0.10/node_modules/ethers/src.ts/providers/provider.ts:1625:37)\n    at listOnTimeout (node:internal/timers:588:17)\n    at processTimers (node:internal/timers:523:7)"],"fullName":"RLN Gasless Transactions [GAS_008] Different tiers have different quotas","invocations":1,"location":null,"numPassingAsserts":0,"retryReasons":[],"status":"failed","title":"[GAS_008] Different tiers have different quotas"},{"ancestorTitles":["RLN Gasless Transactions"],"duration":0,"failureDetails":[{"code":"TIMEOUT","shortMessage":"wait for transaction timeout"}],"failureMessages":["Error: wait for transaction timeout (code=TIMEOUT, version=6.13.7)\n    at makeError (/Users/nadeem/dev/status/testing/status-network-monorepo/node_modules/.pnpm/ethers@6.13.7_bufferutil@4.0.8_utf-8-validate@5.0.10/node_modules/ethers/src.ts/utils/errors.ts:694:21)\n    at Timeout.<anonymous> (/Users/nadeem/dev/status/testing/status-network-monorepo/node_modules/.pnpm/ethers@6.13.7_bufferutil@4.0.8_utf-8-validate@5.0.10/node_modules/ethers/src.ts/providers/provider.ts:1625:37)\n    at listOnTimeout (node:internal/timers:588:17)\n    at processTimers (node:internal/timers:523:7)"],"fullName":"RLN Gasless Transactions [GAS_009] Transaction without proof times out fast","invocations":1,"location":null,"numPassingAsserts":0,"retryReasons":[],"status":"failed","title":"[GAS_009] Transaction without proof times out fast"},{"ancestorTitles":["RLN Gasless Transactions"],"duration":0,"failureDetails":[{"code":"TIMEOUT","shortMessage":"wait for transaction timeout"}],"failureMessages":["Error: wait for transaction timeout (code=TIMEOUT, version=6.13.7)\n    at makeError (/Users/nadeem/dev/status/testing/status-network-monorepo/node_modules/.pnpm/ethers@6.13.7_bufferutil@4.0.8_utf-8-validate@5.0.10/node_modules/ethers/src.ts/utils/errors.ts:694:21)\n    at Timeout.<anonymous> (/Users/nadeem/dev/status/testing/status-network-monorepo/node_modules/.pnpm/ethers@6.13.7_bufferutil@4.0.8_utf-8-validate@5.0.10/node_modules/ethers/src.ts/providers/provider.ts:1625:37)\n    at listOnTimeout (node:internal/timers:588:17)\n    at processTimers (node:internal/timers:523:7)"],"fullName":"RLN Gasless Transactions [GAS_010] Nonce management for sequential gasless transactions","invocations":1,"location":null,"numPassingAsserts":0,"retryReasons":[],"status":"failed","title":"[GAS_010] Nonce management for sequential gasless transactions"}],"endTime":1768564425971,"message":"\u001b[1m\u001b[31m  \u001b[1m● \u001b[22m\u001b[1mRLN Gasless Transactions › [GAS_001] Entry tier user can send exactly 2 gasless transactions\u001b[39m\u001b[22m\n\n    wait for transaction timeout (code=TIMEOUT, version=6.13.7)\n\u001b[2m\u001b[22m\n\u001b[2m      \u001b[2mat makeError (\u001b[22m\u001b[2m../node_modules/.pnpm/ethers@6.13.7_bufferutil@4.0.8_utf-8-validate@5.0.10/node_modules/ethers/src.ts/utils/errors.ts\u001b[2m:694:21)\u001b[22m\u001b[2m\u001b[22m\n\u001b[2m      \u001b[2mat Timeout.<anonymous> (\u001b[22m\u001b[2m../node_modules/.pnpm/ethers@6.13.7_bufferutil@4.0.8_utf-8-validate@5.0.10/node_modules/ethers/src.ts/providers/provider.ts\u001b[2m:1625:37)\u001b[22m\u001b[2m\u001b[22m\n\n\u001b[1m\u001b[31m  \u001b[1m● \u001b[22m\u001b[1mRLN Gasless Transactions › [GAS_002] Entry tier user gets rejected on 3rd transaction (quota exceeded)\u001b[39m\u001b[22m\n\n    wait for transaction timeout (code=TIMEOUT, version=6.13.7)\n\u001b[2m\u001b[22m\n\u001b[2m      \u001b[2mat makeError (\u001b[22m\u001b[2m../node_modules/.pnpm/ethers@6.13.7_bufferutil@4.0.8_utf-8-validate@5.0.10/node_modules/ethers/src.ts/utils/errors.ts\u001b[2m:694:21)\u001b[22m\u001b[2m\u001b[22m\n\u001b[2m      \u001b[2mat Timeout.<anonymous> (\u001b[22m\u001b[2m../node_modules/.pnpm/ethers@6.13.7_bufferutil@4.0.8_utf-8-validate@5.0.10/node_modules/ethers/src.ts/providers/provider.ts\u001b[2m:1625:37)\u001b[22m\u001b[2m\u001b[22m\n\n\u001b[1m\u001b[31m  \u001b[1m● \u001b[22m\u001b[1mRLN Gasless Transactions › [GAS_003] User exceeding quota is added to deny list\u001b[39m\u001b[22m\n\n    wait for transaction timeout (code=TIMEOUT, version=6.13.7)\n\u001b[2m\u001b[22m\n\u001b[2m      \u001b[2mat makeError (\u001b[22m\u001b[2m../node_modules/.pnpm/ethers@6.13.7_bufferutil@4.0.8_utf-8-validate@5.0.10/node_modules/ethers/src.ts/utils/errors.ts\u001b[2m:694:21)\u001b[22m\u001b[2m\u001b[22m\n\u001b[2m      \u001b[2mat Timeout.<anonymous> (\u001b[22m\u001b[2m../node_modules/.pnpm/ethers@6.13.7_bufferutil@4.0.8_utf-8-validate@5.0.10/node_modules/ethers/src.ts/providers/provider.ts\u001b[2m:1625:37)\u001b[22m\u001b[2m\u001b[22m\n\n\u001b[1m\u001b[31m  \u001b[1m● \u001b[22m\u001b[1mRLN Gasless Transactions › [GAS_004] Non-Karma user cannot send gasless transactions\u001b[39m\u001b[22m\n\n    wait for transaction timeout (code=TIMEOUT, version=6.13.7)\n\u001b[2m\u001b[22m\n\u001b[2m      \u001b[2mat makeError (\u001b[22m\u001b[2m../node_modules/.pnpm/ethers@6.13.7_bufferutil@4.0.8_utf-8-validate@5.0.10/node_modules/ethers/src.ts/utils/errors.ts\u001b[2m:694:21)\u001b[22m\u001b[2m\u001b[22m\n\u001b[2m      \u001b[2mat Timeout.<anonymous> (\u001b[22m\u001b[2m../node_modules/.pnpm/ethers@6.13.7_bufferutil@4.0.8_utf-8-validate@5.0.10/node_modules/ethers/src.ts/providers/provider.ts\u001b[2m:1625:37)\u001b[22m\u001b[2m\u001b[22m\n\n\u001b[1m\u001b[31m  \u001b[1m● \u001b[22m\u001b[1mRLN Gasless Transactions › [GAS_005] Basic tier user can send 16 gasless transactions\u001b[39m\u001b[22m\n\n    wait for transaction timeout (code=TIMEOUT, version=6.13.7)\n\u001b[2m\u001b[22m\n\u001b[2m      \u001b[2mat makeError (\u001b[22m\u001b[2m../node_modules/.pnpm/ethers@6.13.7_bufferutil@4.0.8_utf-8-validate@5.0.10/node_modules/ethers/src.ts/utils/errors.ts\u001b[2m:694:21)\u001b[22m\u001b[2m\u001b[22m\n\u001b[2m      \u001b[2mat Timeout.<anonymous> (\u001b[22m\u001b[2m../node_modules/.pnpm/ethers@6.13.7_bufferutil@4.0.8_utf-8-validate@5.0.10/node_modules/ethers/src.ts/providers/provider.ts\u001b[2m:1625:37)\u001b[22m\u001b[2m\u001b[22m\n\n\u001b[1m\u001b[31m  \u001b[1m● \u001b[22m\u001b[1mRLN Gasless Transactions › [GAS_006] Quota resets after epoch boundary\u001b[39m\u001b[22m\n\n    wait for transaction timeout (code=TIMEOUT, version=6.13.7)\n\u001b[2m\u001b[22m\n\u001b[2m      \u001b[2mat makeError (\u001b[22m\u001b[2m../node_modules/.pnpm/ethers@6.13.7_bufferutil@4.0.8_utf-8-validate@5.0.10/node_modules/ethers/src.ts/utils/errors.ts\u001b[2m:694:21)\u001b[22m\u001b[2m\u001b[22m\n\u001b[2m      \u001b[2mat Timeout.<anonymous> (\u001b[22m\u001b[2m../node_modules/.pnpm/ethers@6.13.7_bufferutil@4.0.8_utf-8-validate@5.0.10/node_modules/ethers/src.ts/providers/provider.ts\u001b[2m:1625:37)\u001b[22m\u001b[2m\u001b[22m\n\n\u001b[1m\u001b[31m  \u001b[1m● \u001b[22m\u001b[1mRLN Gasless Transactions › [GAS_007] Concurrent transactions maintain user quota isolation\u001b[39m\u001b[22m\n\n    wait for transaction timeout (code=TIMEOUT, version=6.13.7)\n\u001b[2m\u001b[22m\n\u001b[2m      \u001b[2mat makeError (\u001b[22m\u001b[2m../node_modules/.pnpm/ethers@6.13.7_bufferutil@4.0.8_utf-8-validate@5.0.10/node_modules/ethers/src.ts/utils/errors.ts\u001b[2m:694:21)\u001b[22m\u001b[2m\u001b[22m\n\u001b[2m      \u001b[2mat Timeout.<anonymous> (\u001b[22m\u001b[2m../node_modules/.pnpm/ethers@6.13.7_bufferutil@4.0.8_utf-8-validate@5.0.10/node_modules/ethers/src.ts/providers/provider.ts\u001b[2m:1625:37)\u001b[22m\u001b[2m\u001b[22m\n\n\u001b[1m\u001b[31m  \u001b[1m● \u001b[22m\u001b[1mRLN Gasless Transactions › [GAS_008] Different tiers have different quotas\u001b[39m\u001b[22m\n\n    wait for transaction timeout (code=TIMEOUT, version=6.13.7)\n\u001b[2m\u001b[22m\n\u001b[2m      \u001b[2mat makeError (\u001b[22m\u001b[2m../node_modules/.pnpm/ethers@6.13.7_bufferutil@4.0.8_utf-8-validate@5.0.10/node_modules/ethers/src.ts/utils/errors.ts\u001b[2m:694:21)\u001b[22m\u001b[2m\u001b[22m\n\u001b[2m      \u001b[2mat Timeout.<anonymous> (\u001b[22m\u001b[2m../node_modules/.pnpm/ethers@6.13.7_bufferutil@4.0.8_utf-8-validate@5.0.10/node_modules/ethers/src.ts/providers/provider.ts\u001b[2m:1625:37)\u001b[22m\u001b[2m\u001b[22m\n\n\u001b[1m\u001b[31m  \u001b[1m● \u001b[22m\u001b[1mRLN Gasless Transactions › [GAS_009] Transaction without proof times out fast\u001b[39m\u001b[22m\n\n    wait for transaction timeout (code=TIMEOUT, version=6.13.7)\n\u001b[2m\u001b[22m\n\u001b[2m      \u001b[2mat makeError (\u001b[22m\u001b[2m../node_modules/.pnpm/ethers@6.13.7_bufferutil@4.0.8_utf-8-validate@5.0.10/node_modules/ethers/src.ts/utils/errors.ts\u001b[2m:694:21)\u001b[22m\u001b[2m\u001b[22m\n\u001b[2m      \u001b[2mat Timeout.<anonymous> (\u001b[22m\u001b[2m../node_modules/.pnpm/ethers@6.13.7_bufferutil@4.0.8_utf-8-validate@5.0.10/node_modules/ethers/src.ts/providers/provider.ts\u001b[2m:1625:37)\u001b[22m\u001b[2m\u001b[22m\n\n\u001b[1m\u001b[31m  \u001b[1m● \u001b[22m\u001b[1mRLN Gasless Transactions › [GAS_010] Nonce management for sequential gasless transactions\u001b[39m\u001b[22m\n\n    wait for transaction timeout (code=TIMEOUT, version=6.13.7)\n\u001b[2m\u001b[22m\n\u001b[2m      \u001b[2mat makeError (\u001b[22m\u001b[2m../node_modules/.pnpm/ethers@6.13.7_bufferutil@4.0.8_utf-8-validate@5.0.10/node_modules/ethers/src.ts/utils/errors.ts\u001b[2m:694:21)\u001b[22m\u001b[2m\u001b[22m\n\u001b[2m      \u001b[2mat Timeout.<anonymous> (\u001b[22m\u001b[2m../node_modules/.pnpm/ethers@6.13.7_bufferutil@4.0.8_utf-8-validate@5.0.10/node_modules/ethers/src.ts/providers/provider.ts\u001b[2m:1625:37)\u001b[22m\u001b[2m\u001b[22m\n","name":"/Users/nadeem/dev/status/testing/status-network-monorepo/e2e/src/rln-gasless/gasless-transactions.spec.ts","startTime":1768564348109,"status":"failed","summary":""},{"assertionResults":[{"ancestorTitles":["RLN Nullifier Tracking"],"duration":1,"failureDetails":[{}],"failureMessages":["Error: User 0x474e7C5F83a0203CC9cE940a23C8e6BB001c758b not registered after 10000ms\n    at RlnTestClient.waitForRegistration (/Users/nadeem/dev/status/testing/status-network-monorepo/e2e/src/rln-gasless/utils/rln-test-client.ts:500:11)\n    at async KarmaTestManager.waitForRlnRegistration (/Users/nadeem/dev/status/testing/status-network-monorepo/e2e/src/rln-gasless/utils/karma-manager.ts:315:5)\n    at async KarmaTestManager.setupUserForGasless (/Users/nadeem/dev/status/testing/status-network-monorepo/e2e/src/rln-gasless/utils/karma-manager.ts:444:5)\n    at async Object.<anonymous> (/Users/nadeem/dev/status/testing/status-network-monorepo/e2e/src/rln-gasless/nullifier-tracking.spec.ts:110:24)"],"fullName":"RLN Nullifier Tracking [NULL_001] Each transaction gets unique nullifier","invocations":1,"location":null,"numPassingAsserts":0,"retryReasons":[],"status":"failed","title":"[NULL_001] Each transaction gets unique nullifier"},{"ancestorTitles":["RLN Nullifier Tracking"],"duration":0,"failureDetails":[{}],"failureMessages":["Error: User 0x474e7C5F83a0203CC9cE940a23C8e6BB001c758b not registered after 10000ms\n    at RlnTestClient.waitForRegistration (/Users/nadeem/dev/status/testing/status-network-monorepo/e2e/src/rln-gasless/utils/rln-test-client.ts:500:11)\n    at async KarmaTestManager.waitForRlnRegistration (/Users/nadeem/dev/status/testing/status-network-monorepo/e2e/src/rln-gasless/utils/karma-manager.ts:315:5)\n    at async KarmaTestManager.setupUserForGasless (/Users/nadeem/dev/status/testing/status-network-monorepo/e2e/src/rln-gasless/utils/karma-manager.ts:444:5)\n    at async Object.<anonymous> (/Users/nadeem/dev/status/testing/status-network-monorepo/e2e/src/rln-gasless/nullifier-tracking.spec.ts:110:24)"],"fullName":"RLN Nullifier Tracking [NULL_002] Same user can transact across different epochs","invocations":1,"location":null,"numPassingAsserts":0,"retryReasons":[],"status":"failed","title":"[NULL_002] Same user can transact across different epochs"},{"ancestorTitles":["RLN Nullifier Tracking"],"duration":0,"failureDetails":[{}],"failureMessages":["Error: User 0x474e7C5F83a0203CC9cE940a23C8e6BB001c758b not registered after 10000ms\n    at RlnTestClient.waitForRegistration (/Users/nadeem/dev/status/testing/status-network-monorepo/e2e/src/rln-gasless/utils/rln-test-client.ts:500:11)\n    at async KarmaTestManager.waitForRlnRegistration (/Users/nadeem/dev/status/testing/status-network-monorepo/e2e/src/rln-gasless/utils/karma-manager.ts:315:5)\n    at async KarmaTestManager.setupUserForGasless (/Users/nadeem/dev/status/testing/status-network-monorepo/e2e/src/rln-gasless/utils/karma-manager.ts:444:5)\n    at async Object.<anonymous> (/Users/nadeem/dev/status/testing/status-network-monorepo/e2e/src/rln-gasless/nullifier-tracking.spec.ts:110:24)"],"fullName":"RLN Nullifier Tracking [NULL_003] Quota exhaustion triggers security event logging","invocations":1,"location":null,"numPassingAsserts":0,"retryReasons":[],"status":"failed","title":"[NULL_003] Quota exhaustion triggers security event logging"},{"ancestorTitles":["RLN Nullifier Tracking"],"duration":0,"failureDetails":[{}],"failureMessages":["Error: User 0x474e7C5F83a0203CC9cE940a23C8e6BB001c758b not registered after 10000ms\n    at RlnTestClient.waitForRegistration (/Users/nadeem/dev/status/testing/status-network-monorepo/e2e/src/rln-gasless/utils/rln-test-client.ts:500:11)\n    at async KarmaTestManager.waitForRlnRegistration (/Users/nadeem/dev/status/testing/status-network-monorepo/e2e/src/rln-gasless/utils/karma-manager.ts:315:5)\n    at async KarmaTestManager.setupUserForGasless (/Users/nadeem/dev/status/testing/status-network-monorepo/e2e/src/rln-gasless/utils/karma-manager.ts:444:5)\n    at async Object.<anonymous> (/Users/nadeem/dev/status/testing/status-network-monorepo/e2e/src/rln-gasless/nullifier-tracking.spec.ts:110:24)"],"fullName":"RLN Nullifier Tracking [NULL_004] Replay attack prevention via nonce enforcement","invocations":1,"location":null,"numPassingAsserts":0,"retryReasons":[],"status":"failed","title":"[NULL_004] Replay attack prevention via nonce enforcement"},{"ancestorTitles":["RLN Nullifier Tracking"],"duration":1,"failureDetails":[{}],"failureMessages":["Error: User 0x474e7C5F83a0203CC9cE940a23C8e6BB001c758b not registered after 10000ms\n    at RlnTestClient.waitForRegistration (/Users/nadeem/dev/status/testing/status-network-monorepo/e2e/src/rln-gasless/utils/rln-test-client.ts:500:11)\n    at async KarmaTestManager.waitForRlnRegistration (/Users/nadeem/dev/status/testing/status-network-monorepo/e2e/src/rln-gasless/utils/karma-manager.ts:315:5)\n    at async KarmaTestManager.setupUserForGasless (/Users/nadeem/dev/status/testing/status-network-monorepo/e2e/src/rln-gasless/utils/karma-manager.ts:444:5)\n    at async Object.<anonymous> (/Users/nadeem/dev/status/testing/status-network-monorepo/e2e/src/rln-gasless/nullifier-tracking.spec.ts:110:24)"],"fullName":"RLN Nullifier Tracking [NULL_005] Epoch validation in proofs","invocations":1,"location":null,"numPassingAsserts":0,"retryReasons":[],"status":"failed","title":"[NULL_005] Epoch validation in proofs"},{"ancestorTitles":["RLN Nullifier Tracking"],"duration":0,"failureDetails":[{}],"failureMessages":["Error: User 0x474e7C5F83a0203CC9cE940a23C8e6BB001c758b not registered after 10000ms\n    at RlnTestClient.waitForRegistration (/Users/nadeem/dev/status/testing/status-network-monorepo/e2e/src/rln-gasless/utils/rln-test-client.ts:500:11)\n    at async KarmaTestManager.waitForRlnRegistration (/Users/nadeem/dev/status/testing/status-network-monorepo/e2e/src/rln-gasless/utils/karma-manager.ts:315:5)\n    at async KarmaTestManager.setupUserForGasless (/Users/nadeem/dev/status/testing/status-network-monorepo/e2e/src/rln-gasless/utils/karma-manager.ts:444:5)\n    at async Object.<anonymous> (/Users/nadeem/dev/status/testing/status-network-monorepo/e2e/src/rln-gasless/nullifier-tracking.spec.ts:110:24)"],"fullName":"RLN Nullifier Tracking [NULL_006] Rapid sequential transactions handled","invocations":1,"location":null,"numPassingAsserts":0,"retryReasons":[],"status":"failed","title":"[NULL_006] Rapid sequential transactions handled"},{"ancestorTitles":["RLN Nullifier Tracking"],"duration":0,"failureDetails":[{}],"failureMessages":["Error: User 0x474e7C5F83a0203CC9cE940a23C8e6BB001c758b not registered after 10000ms\n    at RlnTestClient.waitForRegistration (/Users/nadeem/dev/status/testing/status-network-monorepo/e2e/src/rln-gasless/utils/rln-test-client.ts:500:11)\n    at async KarmaTestManager.waitForRlnRegistration (/Users/nadeem/dev/status/testing/status-network-monorepo/e2e/src/rln-gasless/utils/karma-manager.ts:315:5)\n    at async KarmaTestManager.setupUserForGasless (/Users/nadeem/dev/status/testing/status-network-monorepo/e2e/src/rln-gasless/utils/karma-manager.ts:444:5)\n    at async Object.<anonymous> (/Users/nadeem/dev/status/testing/status-network-monorepo/e2e/src/rln-gasless/nullifier-tracking.spec.ts:110:24)"],"fullName":"RLN Nullifier Tracking [NULL_007] Concurrent transactions from multiple users without interference","invocations":1,"location":null,"numPassingAsserts":0,"retryReasons":[],"status":"failed","title":"[NULL_007] Concurrent transactions from multiple users without interference"},{"ancestorTitles":["RLN Nullifier Tracking"],"duration":0,"failureDetails":[{}],"failureMessages":["Error: User 0x474e7C5F83a0203CC9cE940a23C8e6BB001c758b not registered after 10000ms\n    at RlnTestClient.waitForRegistration (/Users/nadeem/dev/status/testing/status-network-monorepo/e2e/src/rln-gasless/utils/rln-test-client.ts:500:11)\n    at async KarmaTestManager.waitForRlnRegistration (/Users/nadeem/dev/status/testing/status-network-monorepo/e2e/src/rln-gasless/utils/karma-manager.ts:315:5)\n    at async KarmaTestManager.setupUserForGasless (/Users/nadeem/dev/status/testing/status-network-monorepo/e2e/src/rln-gasless/utils/karma-manager.ts:444:5)\n    at async Object.<anonymous> (/Users/nadeem/dev/status/testing/status-network-monorepo/e2e/src/rln-gasless/nullifier-tracking.spec.ts:110:24)"],"fullName":"RLN Nullifier Tracking [NULL_008] Nullifier database persistence verified","invocations":1,"location":null,"numPassingAsserts":0,"retryReasons":[],"status":"failed","title":"[NULL_008] Nullifier database persistence verified"}],"endTime":1768564458038,"message":"\u001b[1m\u001b[31m  \u001b[1m● \u001b[22m\u001b[1mRLN Nullifier Tracking › [NULL_001] Each transaction gets unique nullifier\u001b[39m\u001b[22m\n\n    User 0x474e7C5F83a0203CC9cE940a23C8e6BB001c758b not registered after 10000ms\n\u001b[2m\u001b[22m\n\u001b[2m    \u001b[0m \u001b[90m 498 |\u001b[39m     }\u001b[22m\n\u001b[2m     \u001b[90m 499 |\u001b[39m\u001b[22m\n\u001b[2m    \u001b[31m\u001b[1m>\u001b[22m\u001b[2m\u001b[39m\u001b[90m 500 |\u001b[39m     \u001b[36mthrow\u001b[39m \u001b[36mnew\u001b[39m \u001b[33mError\u001b[39m(\u001b[32m`User ${userAddress} not registered after ${timeout}ms`\u001b[39m)\u001b[33m;\u001b[39m\u001b[22m\n\u001b[2m     \u001b[90m     |\u001b[39m           \u001b[31m\u001b[1m^\u001b[22m\u001b[2m\u001b[39m\u001b[22m\n\u001b[2m     \u001b[90m 501 |\u001b[39m   }\u001b[22m\n\u001b[2m     \u001b[90m 502 |\u001b[39m\u001b[22m\n\u001b[2m     \u001b[90m 503 |\u001b[39m   \u001b[90m/**\u001b[39m\u001b[0m\u001b[22m\n\u001b[2m\u001b[22m\n\u001b[2m      \u001b[2mat RlnTestClient.waitForRegistration (\u001b[22m\u001b[2msrc/rln-gasless/utils/rln-test-client.ts\u001b[2m:500:11)\u001b[22m\u001b[2m\u001b[22m\n\u001b[2m      \u001b[2mat async KarmaTestManager.waitForRlnRegistration (\u001b[22m\u001b[2msrc/rln-gasless/utils/karma-manager.ts\u001b[2m:315:5)\u001b[22m\u001b[2m\u001b[22m\n\u001b[2m      \u001b[2mat async KarmaTestManager.setupUserForGasless (\u001b[22m\u001b[2msrc/rln-gasless/utils/karma-manager.ts\u001b[2m:444:5)\u001b[22m\u001b[2m\u001b[22m\n\u001b[2m      \u001b[2mat async Object.<anonymous> (\u001b[22m\u001b[2m\u001b[0m\u001b[36msrc/rln-gasless/nullifier-tracking.spec.ts\u001b[39m\u001b[0m\u001b[2m:110:24)\u001b[22m\u001b[2m\u001b[22m\n\n\u001b[1m\u001b[31m  \u001b[1m● \u001b[22m\u001b[1mRLN Nullifier Tracking › [NULL_002] Same user can transact across different epochs\u001b[39m\u001b[22m\n\n    User 0x474e7C5F83a0203CC9cE940a23C8e6BB001c758b not registered after 10000ms\n\u001b[2m\u001b[22m\n\u001b[2m    \u001b[0m \u001b[90m 498 |\u001b[39m     }\u001b[22m\n\u001b[2m     \u001b[90m 499 |\u001b[39m\u001b[22m\n\u001b[2m    \u001b[31m\u001b[1m>\u001b[22m\u001b[2m\u001b[39m\u001b[90m 500 |\u001b[39m     \u001b[36mthrow\u001b[39m \u001b[36mnew\u001b[39m \u001b[33mError\u001b[39m(\u001b[32m`User ${userAddress} not registered after ${timeout}ms`\u001b[39m)\u001b[33m;\u001b[39m\u001b[22m\n\u001b[2m     \u001b[90m     |\u001b[39m           \u001b[31m\u001b[1m^\u001b[22m\u001b[2m\u001b[39m\u001b[22m\n\u001b[2m     \u001b[90m 501 |\u001b[39m   }\u001b[22m\n\u001b[2m     \u001b[90m 502 |\u001b[39m\u001b[22m\n\u001b[2m     \u001b[90m 503 |\u001b[39m   \u001b[90m/**\u001b[39m\u001b[0m\u001b[22m\n\u001b[2m\u001b[22m\n\u001b[2m      \u001b[2mat RlnTestClient.waitForRegistration (\u001b[22m\
[...]
rs/src.ts/utils/errors.ts\u001b[2m:694:21)\u001b[22m\u001b[2m\u001b[22m\n\u001b[2m      \u001b[2mat Timeout.<anonymous> (\u001b[22m\u001b[2m../node_modules/.pnpm/ethers@6.13.7_bufferutil@4.0.8_utf-8-validate@5.0.10/node_modules/ethers/src.ts/providers/provider.ts\u001b[2m:1625:37)\u001b[22m\u001b[2m\u001b[22m\n\n\u001b[1m\u001b[31m  \u001b[1m● \u001b[22m\u001b[1mRLN Proof Verification › [RLN_003] Transaction with garbage data still needs valid proof\u001b[39m\u001b[22m\n\n    wait for transaction timeout (code=TIMEOUT, version=6.13.7)\n\u001b[2m\u001b[22m\n\u001b[2m      \u001b[2mat makeError (\u001b[22m\u001b[2m../node_modules/.pnpm/ethers@6.13.7_bufferutil@4.0.8_utf-8-validate@5.0.10/node_modules/ethers/src.ts/utils/errors.ts\u001b[2m:694:21)\u001b[22m\u001b[2m\u001b[22m\n\u001b[2m      \u001b[2mat Timeout.<anonymous> (\u001b[22m\u001b[2m../node_modules/.pnpm/ethers@6.13.7_bufferutil@4.0.8_utf-8-validate@5.0.10/node_modules/ethers/src.ts/providers/provider.ts\u001b[2m:1625:37)\u001b[22m\u001b[2m\u001b[22m\n\n\u001b[1m\u001b[31m  \u001b[1m● \u001b[22m\u001b[1mRLN Proof Verification › [RLN_004] Proof arrives before transaction (async handling)\u001b[39m\u001b[22m\n\n    wait for transaction timeout (code=TIMEOUT, version=6.13.7)\n\u001b[2m\u001b[22m\n\u001b[2m      \u001b[2mat makeError (\u001b[22m\u001b[2m../node_modules/.pnpm/ethers@6.13.7_bufferutil@4.0.8_utf-8-validate@5.0.10/node_modules/ethers/src.ts/utils/errors.ts\u001b[2m:694:21)\u001b[22m\u001b[2m\u001b[22m\n\u001b[2m      \u001b[2mat Timeout.<anonymous> (\u001b[22m\u001b[2m../node_modules/.pnpm/ethers@6.13.7_bufferutil@4.0.8_utf-8-validate@5.0.10/node_modules/ethers/src.ts/providers/provider.ts\u001b[2m:1625:37)\u001b[22m\u001b[2m\u001b[22m\n\n\u001b[1m\u001b[31m  \u001b[1m● \u001b[22m\u001b[1mRLN Proof Verification › [RLN_005] Transaction times out fast without proof\u001b[39m\u001b[22m\n\n    wait for transaction timeout (code=TIMEOUT, version=6.13.7)\n\u001b[2m\u001b[22m\n\u001b[2m      \u001b[2mat makeError (\u001b[22m\u001b[2m../node_modules/.pnpm/ethers@6.13.7_bufferutil@4.0.8_utf-8-validate@5.0.10/node_modules/ethers/src.ts/utils/errors.ts\u001b[2m:694:21)\u001b[22m\u001b[2m\u001b[22m\n\u001b[2m      \u001b[2mat Timeout.<anonymous> (\u001b[22m\u001b[2m../node_modules/.pnpm/ethers@6.13.7_bufferutil@4.0.8_utf-8-validate@5.0.10/node_modules/ethers/src.ts/providers/provider.ts\u001b[2m:1625:37)\u001b[22m\u001b[2m\u001b[22m\n\n\u001b[1m\u001b[31m  \u001b[1m● \u001b[22m\u001b[1mRLN Proof Verification › [RLN_006] Multiple sequential proofs are processed\u001b[39m\u001b[22m\n\n    wait for transaction timeout (code=TIMEOUT, version=6.13.7)\n\u001b[2m\u001b[22m\n\u001b[2m      \u001b[2mat makeError (\u001b[22m\u001b[2m../node_modules/.pnpm/ethers@6.13.7_bufferutil@4.0.8_utf-8-validate@5.0.10/node_modules/ethers/src.ts/utils/errors.ts\u001b[2m:694:21)\u001b[22m\u001b[2m\u001b[22m\n\u001b[2m      \u001b[2mat Timeout.<anonymous> (\u001b[22m\u001b[2m../node_modules/.pnpm/ethers@6.13.7_bufferutil@4.0.8_utf-8-validate@5.0.10/node_modules/ethers/src.ts/providers/provider.ts\u001b[2m:1625:37)\u001b[22m\u001b[2m\u001b[22m\n\n\u001b[1m\u001b[31m  \u001b[1m● \u001b[22m\u001b[1mRLN Proof Verification › [RLN_007] gRPC stream resilience maintained across transactions\u001b[39m\u001b[22m\n\n    wait for transaction timeout (code=TIMEOUT, version=6.13.7)\n\u001b[2m\u001b[22m\n\u001b[2m      \u001b[2mat makeError (\u001b[22m\u001b[2m../node_modules/.pnpm/ethers@6.13.7_bufferutil@4.0.8_utf-8-validate@5.0.10/node_modules/ethers/src.ts/utils/errors.ts\u001b[2m:694:21)\u001b[22m\u001b[2m\u001b[22m\n\u001b[2m      \u001b[2mat Timeout.<anonymous> (\u001b[22m\u001b[2m../node_modules/.pnpm/ethers@6.13.7_bufferutil@4.0.8_utf-8-validate@5.0.10/node_modules/ethers/src.ts/providers/provider.ts\u001b[2m:1625:37)\u001b[22m\u001b[2m\u001b[22m\n\n\u001b[1m\u001b[31m  \u001b[1m● \u001b[22m\u001b[1mRLN Proof Verification › [RLN_008] Proof rejection events are logged\u001b[39m\u001b[22m\n\n    wait for transaction timeout (code=TIMEOUT, version=6.13.7)\n\u001b[2m\u001b[22m\n\u001b[2m      \u001b[2mat makeError (\u001b[22m\u001b[2m../node_modules/.pnpm/ethers@6.13.7_bufferutil@4.0.8_utf-8-validate@5.0.10/node_modules/ethers/src.ts/utils/errors.ts\u001b[2m:694:21)\u001b[22m\u001b[2m\u001b[22m\n\u001b[2m      \u001b[2mat Timeout.<anonymous> (\u001b[22m\u001b[2m../node_modules/.pnpm/ethers@6.13.7_bufferutil@4.0.8_utf-8-validate@5.0.10/node_modules/ethers/src.ts/providers/provider.ts\u001b[2m:1625:37)\u001b[22m\u001b[2m\u001b[22m\n\n\u001b[1m\u001b[31m  \u001b[1m● \u001b[22m\u001b[1mRLN Proof Verification › [RLN_009] Zero-value transactions require proof\u001b[39m\u001b[22m\n\n    wait for transaction timeout (code=TIMEOUT, version=6.13.7)\n\u001b[2m\u001b[22m\n\u001b[2m      \u001b[2mat makeError (\u001b[22m\u001b[2m../node_modules/.pnpm/ethers@6.13.7_bufferutil@4.0.8_utf-8-validate@5.0.10/node_modules/ethers/src.ts/utils/errors.ts\u001b[2m:694:21)\u001b[22m\u001b[2m\u001b[22m\n\u001b[2m      \u001b[2mat Timeout.<anonymous> (\u001b[22m\u001b[2m../node_modules/.pnpm/ethers@6.13.7_bufferutil@4.0.8_utf-8-validate@5.0.10/node_modules/ethers/src.ts/providers/provider.ts\u001b[2m:1625:37)\u001b[22m\u001b[2m\u001b[22m\n\n\u001b[1m\u001b[31m  \u001b[1m● \u001b[22m\u001b[1mRLN Proof Verification › [RLN_010] Self-transfer with zero gas requires proof\u001b[39m\u001b[22m\n\n    wait for transaction timeout (code=TIMEOUT, version=6.13.7)\n\u001b[2m\u001b[22m\n\u001b[2m      \u001b[2mat makeError (\u001b[22m\u001b[2m../node_modules/.pnpm/ethers@6.13.7_bufferutil@4.0.8_utf-8-validate@5.0.10/node_modules/ethers/src.ts/utils/errors.ts\u001b[2m:694:21)\u001b[22m\u001b[2m\u001b[22m\n\u001b[2m      \u001b[2mat Timeout.<anonymous> (\u001b[22m\u001b[2m../node_modules/.pnpm/ethers@6.13.7_bufferutil@4.0.8_utf-8-validate@5.0.10/node_modules/ethers/src.ts/providers/provider.ts\u001b[2m:1625:37)\u001b[22m\u001b[2m\u001b[22m\n","name":"/Users/nadeem/dev/status/testing/status-network-monorepo/e2e/src/rln-gasless/rln-proof-verification.spec.ts","startTime":1768564458058,"status":"failed","summary":""},{"assertionResults":[{"ancestorTitles":["RLN Karma and Tier System"],"duration":5,"failureDetails":[{"code":"TIMEOUT","shortMessage":"wait for transaction timeout"}],"failureMessages":["Error: wait for transaction timeout (code=TIMEOUT, version=6.13.7)\n    at makeError (/Users/nadeem/dev/status/testing/status-network-monorepo/node_modules/.pnpm/ethers@6.13.7_bufferutil@4.0.8_utf-8-validate@5.0.10/node_modules/ethers/src.ts/utils/errors.ts:694:21)\n    at Timeout.<anonymous> (/Users/nadeem/dev/status/testing/status-network-monorepo/node_modules/.pnpm/ethers@6.13.7_bufferutil@4.0.8_utf-8-validate@5.0.10/node_modules/ethers/src.ts/providers/provider.ts:1625:37)\n    at listOnTimeout (node:internal/timers:588:17)\n    at processTimers (node:internal/timers:523:7)"],"fullName":"RLN Karma and Tier System [KARMA_001] Minting 1 Karma assigns Entry tier","invocations":1,"location":null,"numPassingAsserts":0,"retryReasons":[],"status":"failed","title":"[KARMA_001] Minting 1 Karma assigns Entry tier"},{"ancestorTitles":["RLN Karma and Tier System"],"duration":0,"failureDetails":[{"code":"TIMEOUT","shortMessage":"wait for transaction timeout"}],"failureMessages":["Error: wait for transaction timeout (code=TIMEOUT, version=6.13.7)\n    at makeError (/Users/nadeem/dev/status/testing/status-network-monorepo/node_modules/.pnpm/ethers@6.13.7_bufferutil@4.0.8_utf-8-validate@5.0.10/node_modules/ethers/src.ts/utils/errors.ts:694:21)\n    at Timeout.<anonymous> (/Users/nadeem/dev/status/testing/status-network-monorepo/node_modules/.pnpm/ethers@6.13.7_bufferutil@4.0.8_utf-8-validate@5.0.10/node_modules/ethers/src.ts/providers/provider.ts:1625:37)\n    at listOnTimeout (node:internal/timers:588:17)\n    at processTimers (node:internal/timers:523:7)"],"fullName":"RLN Karma and Tier System [KARMA_002] Minting 50 Karma assigns Basic tier","invocations":1,"location":null,"numPassingAsserts":0,"retryReasons":[],"status":"failed","title":"[KARMA_002] Minting 50 Karma assigns Basic tier"},{"ancestorTitles":["RLN Karma and Tier System"],"duration":0,"failureDetails":[{"code":"TIMEOUT","shortMessage":"wait for transaction timeout"}],"failureMessages":["Error: wait for transaction timeout (code=TIMEOUT, version=6.13.7)\n    at makeError (/Users/nadeem/dev/status/testing/status-network-monorepo/node_modules/.pnpm/ethers@6.13.7_bufferutil@4.0.8_utf-8-validate@5.0.10/node_modules/ethers/src.ts/utils/errors.ts:694:21)\n    at Timeout.<anonymous> (/Users/nadeem/dev/status/testing/status-network-monorepo/node_modules/.pnpm/ethers@6.13.7_bufferutil@4.0.8_utf-8-validate@5.0.10/node_modules/ethers/src.ts/providers/provider.ts:1625:37)\n    at listOnTimeout (node:internal/timers:588:17)\n    at processTimers (node:internal/timers:523:7)"],"fullName":"RLN Karma and Tier System [KARMA_003] Karma mint triggers automatic RLN registration","invocations":1,"location":null,"numPassingAsserts":0,"retryReasons":[],"status":"failed","title":"[KARMA_003] Karma mint triggers automatic RLN registration"},{"ancestorTitles":["RLN Karma and Tier System"],"duration":0,"failureDetails":[{"code":"TIMEOUT","shortMessage":"wait for transaction timeout"}],"failureMessages":["Error: wait for transaction timeout (code=TIMEOUT, version=6.13.7)\n    at makeError (/Users/nadeem/dev/status/testing/status-network-monorepo/node_modules/.pnpm/ethers@6.13.7_bufferutil@4.0.8_utf-8-validate@5.0.10/node_modules/ethers/src.ts/utils/errors.ts:694:21)\n    at Timeout.<anonymous> (/Users/nadeem/dev/status/testing/status-network-monorepo/node_modules/.pnpm/ethers@6.13.7_bufferutil@4.0.8_utf-8-validate@5.0.10/node_modules/ethers/src.ts/providers/provider.ts:1625:37)\n    at listOnTimeout (node:internal/timers:588:17)\n    at processTimers (node:internal/timers:523:7)"],"fullName":"RLN Karma and Tier System [KARMA_004] Additional Karma mint increases available quota","invocations":1,"location":null,"numPassingAsserts":0,"retryReasons":[],"status":"failed","title":"[KARMA_004] Additional Karma mint increases available quota"},{"ancestorTitles":["RLN Karma and Tier System"],"duration":0,"failureDetails":[{"code":"TIMEOUT","shortMessage":"wait for transaction timeout"}],"failureMessages":["Error: wait for transaction timeout (code=TIMEOUT, version=6.13.7)\n    at makeError (/Users/nadeem/dev/status/testing/status-network-monorepo/node_modules/.pnpm/ethers@6.13.7_bufferutil@4.0.8_utf-8-validate@5.0.10/node_modules/ethers/src.ts/utils/errors.ts:694:21)\n    at Timeout.<anonymous> (/Users/nadeem/dev/status/testing/status-network-monorepo/node_modules/.pnpm/ethers@6.13.7_bufferutil@4.0.8_utf-8-validate@5.0.10/node_modules/ethers/src.ts/providers/provider.ts:1625:37)\n    at listOnTimeout (node:internal/timers:588:17)\n    at processTimers (node:internal/timers:523:7)"],"fullName":"RLN Karma and Tier System [KARMA_005] All tier levels have correct quota values","invocations":1,"location":null,"numPassingAsserts":0,"retryReasons":[],"status":"failed","title":"[KARMA_005] All tier levels have correct quota values"},{"ancestorTitles":["RLN Karma and Tier System"],"duration":0,"failureDetails":[{"code":"TIMEOUT","shortMessage":"wait for transaction timeout"}],"failureMessages":["Error: wait for transaction timeout (code=TIMEOUT, version=6.13.7)\n    at makeError (/Users/nadeem/dev/status/testing/status-network-monorepo/node_modules/.pnpm/ethers@6.13.7_bufferutil@4.0.8_utf-8-validate@5.0.10/node_modules/ethers/src.ts/utils/errors.ts:694:21)\n    at Timeout.<anonymous> (/Users/nadeem/dev/status/testing/status-network-monorepo/node_modules/.pnpm/ethers@6.13.7_bufferutil@4.0.8_utf-8-validate@5.0.10/node_modules/ethers/src.ts/providers/provider.ts:1625:37)\n    at listOnTimeout (node:internal/timers:588:17)\n    at processTimers (node:internal/timers:523:7)"],"fullName":"RLN Karma and Tier System [KARMA_006] Tier boundary at exact threshold is handled correctly","invocations":1,"location":null,"numPassingAsserts":0,"retryReasons":[],"status":"failed","title":"[KARMA_006] Tier boundary at exact threshold is handled correctly"},{"ancestorTitles":["RLN Karma and Tier System"],"duration":1,"failureDetails":[{"code":"TIMEOUT","shortMessage":"wait for transaction timeout"}],"failureMessages":["Error: wait for transaction timeout (code=TIMEOUT, version=6.13.7)\n    at makeError (/Users/nadeem/dev/status/testing/status-network-monorepo/node_modules/.pnpm/ethers@6.13.7_bufferutil@4.0.8_utf-8-validate@5.0.10/node_modules/ethers/src.ts/utils/errors.ts:694:21)\n    at Timeout.<anonymous> (/Users/nadeem/dev/status/testing/status-network-monorepo/node_modules/.pnpm/ethers@6.13.7_bufferutil@4.0.8_utf-8-validate@5.0.10/node_modules/ethers/src.ts/providers/provider.ts:1625:37)\n    at listOnTimeout (node:internal/timers:588:17)\n    at processTimers (node:internal/timers:523:7)"],"fullName":"RLN Karma and Tier System [KARMA_007] Zero Karma user cannot use gasless","invocations":1,"location":null,"numPassingAsserts":0,"retryReasons":[],"status":"failed","title":"[KARMA_007] Zero Karma user cannot use gasless"},{"ancestorTitles":["RLN Karma and Tier System"],"duration":0,"failureDetails":[{"code":"TIMEOUT","shortMessage":"wait for transaction timeout"}],"failureMessages":["Error: wait for transaction timeout (code=TIMEOUT, version=6.13.7)\n    at makeError (/Users/nadeem/dev/status/testing/status-network-monorepo/node_modules/.pnpm/ethers@6.13.7_bufferutil@4.0.8_utf-8-validate@5.0.10/node_modules/ethers/src.ts/utils/errors.ts:694:21)\n    at Timeout.<anonymous> (/Users/nadeem/dev/status/testing/status-network-monorepo/node_modules/.pnpm/ethers@6.13.7_bufferutil@4.0.8_utf-8-validate@5.0.10/node_modules/ethers/src.ts/providers/provider.ts:1625:37)\n    at listOnTimeout (node:internal/timers:588:17)\n    at processTimers (node:internal/timers:523:7)"],"fullName":"RLN Karma and Tier System [KARMA_008] Identity commitment is unique per user","invocations":1,"location":null,"numPassingAsserts":0,"retryReasons":[],"status":"failed","title":"[KARMA_008] Identity commitment is unique per user"}],"endTime":1768564506310,"message":"\u001b[1m\u001b[31m  \u001b[1m● \u001b[22m\u001b[1mRLN Karma and Tier System › [KARMA_001] Minting 1 Karma assigns Entry tier\u001b[39m\u001b[22m\n\n    wait for transaction timeout (code=TIMEOUT, version=6.13.7)\n\u001b[2m\u001b[22m\n\u001b[2m      \u001b[2mat makeError (\u001b[22m\u001b[2m../node_modules/.pnpm/ethers@6.13.7_bufferutil@4.0.8_utf-8-validate@5.0.10/node_modules/ethers/src.ts/utils/errors.ts\u001b[2m:694:21)\u001b[22m\u001b[2m\u001b[22m\n\u001b[2m      \u001b[2mat Timeout.<anonymous> (\u001b[22m\u001b[2m../node_modules/.pnpm/ethers@6.13.7_bufferutil@4.0.8_utf-8-validate@5.0.10/node_modules/ethers/src.ts/providers/provider.ts\u001b[2m:1625:37)\u001b[22m\u001b[2m\u001b[22m\n\n\u001b[1m\u001b[31m  \u001b[1m● \u001b[22m\u001b[1mRLN Karma and Tier System › [KARMA_002] Minting 50 Karma assigns Basic tier\u001b[39m\u001b[22m\n\n    wait for transaction timeout (code=TIMEOUT, version=6.13.7)\n\u001b[2m\u001b[22m\n\u001b[2m      \u001b[2mat makeError (\u001b[22m\u001b[2m../node_modules/.pnpm/ethers@6.13.7_bufferutil@4.0.8_utf-8-validate@5.0.10/node_modules/ethers/src.ts/utils/errors.ts\u001b[2m:694:21)\u001b[22m\u001b[2m\u001b[22m\n\u001b[2m      \u001b[2mat Timeout.<anonymous> (\u001b[22m\u001b[2m../node_modules/.pnpm/ethers@6.13.7_bufferutil@4.0.8_utf-8-validate@5.0.10/node_modules/ethers/src.ts/providers/provider.ts\u001b[2m:1625:37)\u001b[22m\u001b[2m\u001b[22m\n\n\u001b[1m\u001b[31m  \u001b[1m● \u001b[22m\u001b[1mRLN Karma and Tier System › [KARMA_003] Karma mint triggers automatic RLN registration\u001b[39m\u001b[22m\n\n    wait for transaction timeout (code=TIMEOUT, version=6.13.7)\n\u001b[2m\u001b[22m\n\u001b[2m      \u001b[2mat makeError (\u001b[22m\u001b[2m../node_modules/.pnpm/ethers@6.13.7_bufferutil@4.0.8_utf-8-validate@5.0.10/node_modules/ethers/src.ts/utils/errors.ts\u001b[2m:694:21)\u001b[22m\u001b[2m\u001b[22m\n\u001b[2m      \u001b[2mat Timeout.<anonymous> (\u001b[22m\u001b[2m../node_modules/.pnpm/ethers@6.13.7_bufferutil@4.0.8_utf-8-validate@5.0.10/node_modules/ethers/src.ts/providers/provider.ts\u001b[2m:1625:37)\u001b[22m\u001b[2m\u001b[22m\n\n\u001b[1m\u001b[31m  \u001b[1m● \u001b[22m\u001b[1mRLN Karma and Tier System › [KARMA_004] Additional Karma mint increases available quota\u001b[39m\u001b[22m\n\n    wait for transaction timeout (code=TIMEOUT, version=6.13.7)\n\u001b[2m\u001b[22m\n\u001b[2m      \u001b[2mat makeError (\u001b[22m\u001b[2m../node_modules/.pnpm/ethers@6.13.7_bufferutil@4.0.8_utf-8-validate@5.0.10/node_modules/ethers/src.ts/utils/errors.ts\u001b[2m:694:21)\u001b[22m\u001b[2m\u001b[22m\n\u001b[2m      \u001b[2mat Timeout.<anonymous> (\u001b[22m\u001b[2m../node_modules/.pnpm/ethers@6.13.7_bufferutil@4.0.8_utf-8-validate@5.0.10/node_modules/ethers/src.ts/providers/provider.ts\u001b[2m:1625:37)\u001b[22m\u001b[2m\u001b[22m\n\n\u001b[1m\u001b[31m  \u001b[1m● \u001b[22m\u001b[1mRLN Karma and Tier System › [KARMA_005] All tier levels have correct quota values\u001b[39m\u001b[22m\n\n    wait for transaction timeout (code=TIMEOUT, version=6.13.7)\n\u001b[2m\u001b[22m\n\u001b[2m      \u001b[2mat makeError (\u001b[22m\u001b[2m../node_modules/.pnpm/ethers@6.13.7_bufferutil@4.0.8_utf-8-validate@5.0.10/node_modules/ethers/src.ts/utils/errors.ts\u001b[2m:694:21)\u001b[22m\u001b[2m\u001b[22m\n\u001b[2m      \u001b[2mat Timeout.<anonymous> (\u001b[22m\u001b[2m../node_modules/.pnpm/ethers@6.13.7_bufferutil@4.0.8_utf-8-validate@5.0.10/node_modules/ethers/src.ts/providers/provider.ts\u001b[2m:1625:37)\u001b[22m\u001b[2m\u001b[22m\n\n\u001b[1m\u001b[31m  \u001b[1m● \u001b[22m\u001b[1mRLN Karma and Tier System › [KARMA_006] Tier boundary at exact threshold is handled correctly\u001b[39m\u001b[22m\n\n    wait for transaction timeout (code=TIMEOUT, version=6.13.7)\n\u001b[2m\u001b[22m\n\u001b[2m      \u001b[2mat makeError (\u001b[22m\u001b[2m../node_modules/.pnpm/ethers@6.13.7_bufferutil@4.0.8_utf-8-validate@5.0.10/node_modules/ethers/src.ts/utils/errors.ts\u001b[2m:694:21)\u001b[22m\u001b[2m\u001b[22m\n\u001b[2m      \u001b[2mat Timeout.<anonymous> (\u001b[22m\u001b[2m../node_modules/.pnpm/ethers@6.13.7_bufferutil@4.0.8_utf-8-validate@5.0.10/node_modules/ethers/src.ts/providers/provider.ts\u001b[2m:1625:37)\u001b[22m\u001b[2m\u001b[22m\n\n\u001b[1m\u001b[31m  \u001b[1m● \u001b[22m\u001b[1mRLN Karma and Tier System › [KARMA_007] Zero Karma user cannot use gasless\u001b[39m\u001b[22m\n\n    wait for transaction timeout (code=TIMEOUT, version=6.13.7)\n\u001b[2m\u001b[22m\n\u001b[2m      \u001b[2mat makeError (\u001b[22m\u001b[2m../node_modules/.pnpm/ethers@6.13.7_bufferutil@4.0.8_utf-8-validate@5.0.10/node_modules/ethers/src.ts/utils/errors.ts\u001b[2m:694:21)\u001b[22m\u001b[2m\u001b[22m\n\u001b[2m      \u001b[2mat Timeout.<anonymous> (\u001b[22m\u001b[2m../node_modules/.pnpm/ethers@6.13.7_bufferutil@4.0.8_utf-8-validate@5.0.10/node_modules/ethers/src.ts/providers/provider.ts\u001b[2m:1625:37)\u001b[22m\u001b[2m\u001b[22m\n\n\u001b[1m\u001b[31m  \u001b[1m● \u001b[22m\u001b[1mRLN Karma and Tier System › [KARMA_008] Identity commitment is unique per user\u001b[39m\u001b[22m\n\n    wait for transaction timeout (code=TIMEOUT, version=6.13.7)\n\u001b[2m\u001b[22m\n\u001b[2m      \u001b[2mat makeError (\u001b[22m\u001b[2m../node_modules/.pnpm/ethers@6.13.7_bufferutil@4.0.8_utf-8-validate@5.0.10/node_modules/ethers/src.ts/utils/errors.ts\u001b[2m:694:21)\u001b[22m\u001b[2m\u001b[22m\n\u001b[2m      \u001b[2mat Timeout.<anonymous> (\u001b[22m\u001b[2m../node_modules/.pnpm/ethers@6.13.7_bufferutil@4.0.8_utf-8-validate@5.0.10/node_modules/ethers/src.ts/providers/provider.ts\u001b[2m:1625:37)\u001b[22m\u001b[2m\u001b[22m\n","name":"/Users/nadeem/dev/status/testing/status-network-monorepo/e2e/src/rln-gasless/karma-tier-system.spec.ts","startTime":1768564480194,"status":"failed","summary":""}],"wasInterrupted":false}
